[2023-01-21 11:11:00,719][calculate_core.py 108][INFO]: 阴历时间为：1948-08-28 01:50:20 年柱:戊子 月柱:辛酉 日柱:戊午 时柱:癸丑
[2023-01-21 11:11:00,719][calculate_core.py 109][INFO]: 阳历时间为：1948-09-30 01:50:20
[2023-01-21 11:11:00,720][calculate_core.py 111][INFO]: [秋分 1948-09-23 11:21:39] [寒露 1948-10-08 17:20:16]
[2023-01-21 11:43:42,957][calculate_core.py 108][INFO]: 阴历时间为：1991-08-13 06:00:00 年柱:辛未 月柱:丁酉 日柱:癸巳 时柱:乙卯
[2023-01-21 11:43:42,957][calculate_core.py 109][INFO]: 阳历时间为：1991-09-20 06:00:00
[2023-01-21 11:43:42,958][calculate_core.py 111][INFO]: [白露 1991-09-08 11:27:21] [秋分 1991-09-23 20:48:06]
[2023-01-21 11:43:52,487][calculate_core.py 107][INFO]: 阴历时间为：1991-08-13 06:00:00 年柱:辛未 月柱:丁酉 日柱:癸巳 时柱:乙卯
[2023-01-21 11:43:52,488][calculate_core.py 108][INFO]: 阳历时间为：1991-09-20 06:00:00
[2023-01-21 11:43:52,488][calculate_core.py 110][INFO]: [白露 1991-09-08 11:27:21] [秋分 1991-09-23 20:48:06]
[2023-01-21 11:44:37,765][calculate_core.py 20][DEBUG]: 阴历时间：一九九一年七月初四 7
[2023-01-21 11:44:37,766][calculate_core.py 22][DEBUG]: 是否闰月：0
[2023-01-21 11:44:37,767][calculate_core.py 107][INFO]: 阴历时间为：1991-07-04 06:00:00 年柱:辛未 月柱:丙申 日柱:乙卯 时柱:己卯
[2023-01-21 11:44:37,767][calculate_core.py 108][INFO]: 阳历时间为：1991-08-13 06:00:00
[2023-01-21 11:44:37,767][calculate_core.py 110][INFO]: [立秋 1991-08-08 08:37:15] [处暑 1991-08-23 23:12:51]
[2023-01-21 13:55:18,443][calculate_core.py 112][INFO]: 阴历时间为：1948-08-28 01:50:20 年柱:戊子 月柱:辛酉 日柱:戊午 时柱:癸丑
[2023-01-21 13:55:18,444][calculate_core.py 113][INFO]: 阳历时间为：1948-09-30 01:50:20
[2023-01-21 13:55:18,444][calculate_core.py 115][INFO]: [秋分 1948-09-23 11:21:39] [寒露 1948-10-08 17:20:16]
[2023-01-21 14:00:32,724][calculate_core.py 20][DEBUG]: 阴历时间：一九九一年七月初四 7
[2023-01-21 14:00:32,724][calculate_core.py 22][DEBUG]: 是否闰月：0
[2023-01-21 14:00:32,725][calculate_core.py 111][INFO]: 阴历时间为：1991-07-04 06:00:00 年柱:辛未 月柱:丙申 日柱:乙卯 时柱:己卯
[2023-01-21 14:00:32,726][calculate_core.py 112][INFO]: 阳历时间为：1991-08-13 06:00:00
[2023-01-21 14:00:32,726][calculate_core.py 114][INFO]: [立秋 1991-08-08 08:37:15] [处暑 1991-08-23 23:12:51]
[2023-01-21 14:00:41,312][calculate_core.py 20][DEBUG]: 阴历时间：一九九一年七月初四 7
[2023-01-21 14:00:41,312][calculate_core.py 22][DEBUG]: 是否闰月：0
[2023-01-21 14:00:41,313][calculate_core.py 111][INFO]: 阴历时间为：1991-07-04 06:00:00 年柱:辛未 月柱:丙申 日柱:乙卯 时柱:己卯
[2023-01-21 14:00:41,313][calculate_core.py 112][INFO]: 阳历时间为：1991-08-13 06:00:00
[2023-01-21 14:00:41,314][calculate_core.py 114][INFO]: [立秋 1991-08-08 08:37:15] [处暑 1991-08-23 23:12:51]
