[2022-04-03 16:07:37,618][log_module.py 52][INFO]: ---测试开始111---
[2022-04-03 16:07:37,618][log_module.py 53][DEBUG]: ---测试结束222---
[2022-04-03 16:07:37,618][log_module.py 54][ERROR]: ---测试error---
[2022-04-03 16:35:32,655][calculate_core.py 15][DEBUG]: 当前时间：2022-04-03 16:35:32.655471 阳历时间:2022-04-03
[2022-04-03 16:37:40,799][calculate_core.py 14][DEBUG]: <class 'datetime.datetime'>
[2022-04-03 16:37:40,800][calculate_core.py 16][DEBUG]: 当前时间：2022-04-03 16:37:40.799971 阳历时间:2022-04-03
[2022-04-03 16:45:46,227][calculate_core.py 20][DEBUG]: 1997-01-15 01:50:20
[2022-04-03 16:45:46,227][calculate_core.py 22][DEBUG]: 当前时间：1997-01-15 01:50:20 阳历时间:1997-01-15
[2022-04-03 16:48:57,998][calculate_core.py 14][DEBUG]: 1997-01-15 01:50:20
[2022-04-03 16:48:57,998][calculate_core.py 16][DEBUG]: 当前时间：1997-01-15 01:50:20 阳历时间:1997-01-15
[2022-04-03 16:48:58,009][calculate_core.py 18][DEBUG]: 阴历时间：一九九六年腊月初七
[2022-04-03 16:57:43,755][calculate_core.py 14][DEBUG]: 1997-01-15 01:50:20
[2022-04-03 16:57:43,755][calculate_core.py 16][DEBUG]: 当前时间：1997-01-15 01:50:20 阳历时间:1997-01-15
[2022-04-03 16:57:43,766][calculate_core.py 18][DEBUG]: 阴历时间：一九九六年腊月初七
[2022-04-03 16:58:48,399][calculate_core.py 14][DEBUG]: 1997-01-15 01:50:20
[2022-04-03 16:58:48,399][calculate_core.py 16][DEBUG]: 当前时间：1997-01-15 01:50:20 阳历时间:1997-01-15
[2022-04-03 16:58:48,411][calculate_core.py 18][DEBUG]: 阴历时间：一九九六年腊月初七
[2022-04-03 16:59:11,475][calculate_core.py 14][DEBUG]: 1997-01-15 01:50:20
[2022-04-03 16:59:11,475][calculate_core.py 16][DEBUG]: 当前时间：1997-01-15 01:50:20 阳历时间:1997-01-15
[2022-04-03 16:59:11,486][calculate_core.py 18][DEBUG]: 阴历时间：一九九六年腊月初七
[2022-04-03 16:59:11,486][calculate_core.py 20][DEBUG]: 阴历时间：1996-12-07 01:50:20
[2022-04-03 17:00:52,897][calculate_core.py 13][DEBUG]: 1997-01-15 01:50:20
[2022-04-03 17:00:52,897][calculate_core.py 15][DEBUG]: 当前时间：1997-01-15 01:50:20 阳历时间:1997-01-15
[2022-04-03 17:00:52,908][calculate_core.py 17][DEBUG]: 阴历时间：一九九六年腊月初七
[2022-04-03 17:00:52,908][calculate_core.py 19][DEBUG]: 阴历时间：1996-12-07 01:50:20
[2022-04-03 17:00:52,908][calculate_core.py 25][INFO]: 阴历时间为：1996-12-07 01:50:20
[2022-04-03 17:23:00,989][calculate_core.py 14][DEBUG]: 1997-01-15 01:50:20
[2022-04-03 17:23:00,989][calculate_core.py 16][DEBUG]: 当前时间：1997-01-15 01:50:20 阳历时间:1997-01-15
[2022-04-03 17:23:01,000][calculate_core.py 18][DEBUG]: 阴历时间：一九九六年腊月初七
[2022-04-03 17:23:01,000][calculate_core.py 20][DEBUG]: 阴历时间：1996-12-07 01:50:20
[2022-04-03 17:23:01,001][calculate_core.py 30][DEBUG]: 阴历时间 [1996-12-07 01:50:20] 的年干支为 [丙子]
[2022-04-03 17:23:23,353][calculate_core.py 14][DEBUG]: 1997-01-15 01:50:20
[2022-04-03 17:23:23,353][calculate_core.py 16][DEBUG]: 当前时间：1997-01-15 01:50:20 阳历时间:1997-01-15
[2022-04-03 17:23:23,364][calculate_core.py 18][DEBUG]: 阴历时间：一九九六年腊月初七
[2022-04-03 17:23:23,364][calculate_core.py 20][DEBUG]: 阴历时间：1996-12-07 01:50:20
[2022-04-03 17:23:23,364][calculate_core.py 30][DEBUG]: 阴历时间 [1996-12-07 01:50:20] 的年干支为 [丙子]
[2022-04-03 17:23:46,808][calculate_core.py 14][DEBUG]: 1997-01-15 01:50:20
[2022-04-03 17:23:46,808][calculate_core.py 16][DEBUG]: 当前时间：1997-01-15 01:50:20 阳历时间:1997-01-15
[2022-04-03 17:23:46,820][calculate_core.py 18][DEBUG]: 阴历时间：一九九六年腊月初七
[2022-04-03 17:23:46,820][calculate_core.py 20][DEBUG]: 阴历时间：1996-12-07 01:50:20
[2022-04-03 17:23:46,820][calculate_core.py 30][DEBUG]: 阴历时间 [1996-12-07 01:50:20] 的年干支为 [丙子]
[2022-04-03 17:23:56,150][calculate_core.py 14][DEBUG]: 1997-01-15 01:50:20
[2022-04-03 17:23:56,150][calculate_core.py 16][DEBUG]: 当前时间：1997-01-15 01:50:20 阳历时间:1997-01-15
[2022-04-03 17:23:56,161][calculate_core.py 18][DEBUG]: 阴历时间：一九九六年腊月初七
[2022-04-03 17:23:56,161][calculate_core.py 20][DEBUG]: 阴历时间：1996-12-07 01:50:20
[2022-04-03 17:23:56,162][calculate_core.py 30][DEBUG]: 阴历时间 [1996-12-07 01:50:20] 的年干支为 [丙子]
[2022-04-03 17:23:56,162][calculate_core.py 39][DEBUG]: 阴历时间 [1996-12-07 01:50:20] 的月干支为 [辛丑]
[2022-04-03 17:24:36,639][calculate_core.py 14][DEBUG]: 1997-01-15 01:50:20
[2022-04-03 17:24:36,639][calculate_core.py 16][DEBUG]: 当前时间：1997-01-15 01:50:20 阳历时间:1997-01-15
[2022-04-03 17:24:36,650][calculate_core.py 18][DEBUG]: 阴历时间：一九九六年腊月初七
[2022-04-03 17:24:36,650][calculate_core.py 20][DEBUG]: 阴历时间：1996-12-07 01:50:20
[2022-04-03 17:24:36,651][calculate_core.py 30][DEBUG]: 阴历时间 [1996-12-07 01:50:20] 的年干支为 [丙子]
[2022-04-03 17:24:36,651][calculate_core.py 39][DEBUG]: 阴历时间 [1996-12-07 01:50:20] 的月干支为 [辛丑]
[2022-04-03 17:24:36,651][calculate_core.py 48][DEBUG]: 阴历时间 [1996-12-07 01:50:20] 的日干支为 [丁巳]
[2022-04-03 17:24:36,651][calculate_core.py 60][INFO]: 阴历时间为：1996-12-07 01:50:20 年柱:丙子 月柱:辛丑 日柱:丁巳
[2022-04-03 17:48:21,616][calculate_core.py 14][DEBUG]: 1997-01-15 01:50:20
[2022-04-03 17:48:21,617][calculate_core.py 16][DEBUG]: 当前时间：1997-01-15 01:50:20 阳历时间:1997-01-15
[2022-04-03 17:48:21,628][calculate_core.py 18][DEBUG]: 阴历时间：一九九六年腊月初七
[2022-04-03 17:48:21,628][calculate_core.py 20][DEBUG]: 阴历时间：1996-12-07 01:50:20
[2022-04-03 17:48:21,628][calculate_core.py 39][DEBUG]: 阴历时间 [1996-12-07 01:50:20] 的年干支为 [丙子]
[2022-04-03 17:48:21,628][calculate_core.py 48][DEBUG]: 阴历时间 [1996-12-07 01:50:20] 的月干支为 [辛丑]
[2022-04-03 17:48:21,629][calculate_core.py 57][DEBUG]: 阴历时间 [1996-12-07 01:50:20] 的日干支为 [丁巳]
[2022-04-03 17:48:21,629][calculate_core.py 29][DEBUG]: 阴历时间:1996-12-07 01:50:20 对应的阳历时间:1997-01-15
[2022-04-03 17:48:21,629][calculate_core.py 77][INFO]: 阴历时间为：1996-12-07 01:50:20 年柱:丙子 月柱:辛丑 日柱:丁巳
[2022-04-03 17:48:21,629][calculate_core.py 78][INFO]: 阳历时间为：1997-01-15
[2022-04-03 17:51:06,712][calculate_core.py 14][DEBUG]: 1997-01-15 01:50:20
[2022-04-03 17:51:06,713][calculate_core.py 16][DEBUG]: 当前时间：1997-01-15 01:50:20 阳历时间:1997-01-15
[2022-04-03 17:51:06,723][calculate_core.py 18][DEBUG]: 阴历时间：一九九六年腊月初七
[2022-04-03 17:51:06,723][calculate_core.py 20][DEBUG]: 阴历时间：1996-12-07 01:50:20
[2022-04-03 17:51:06,724][calculate_core.py 40][DEBUG]: 阴历时间 [1996-12-07 01:50:20] 的年干支为 [丙子]
[2022-04-03 17:51:06,724][calculate_core.py 49][DEBUG]: 阴历时间 [1996-12-07 01:50:20] 的月干支为 [辛丑]
[2022-04-03 17:51:06,724][calculate_core.py 58][DEBUG]: 阴历时间 [1996-12-07 01:50:20] 的日干支为 [丁巳]
[2022-04-03 17:51:53,486][calculate_core.py 14][DEBUG]: 1997-01-15 01:50:20
[2022-04-03 17:51:53,487][calculate_core.py 16][DEBUG]: 当前时间：1997-01-15 01:50:20 阳历时间:1997-01-15
[2022-04-03 17:51:53,498][calculate_core.py 18][DEBUG]: 阴历时间：一九九六年腊月初七
[2022-04-03 17:51:53,498][calculate_core.py 20][DEBUG]: 阴历时间：1996-12-07 01:50:20
[2022-04-03 17:51:53,498][calculate_core.py 40][DEBUG]: 阴历时间 [1996-12-07 01:50:20] 的年干支为 [丙子]
[2022-04-03 17:51:53,498][calculate_core.py 49][DEBUG]: 阴历时间 [1996-12-07 01:50:20] 的月干支为 [辛丑]
[2022-04-03 17:51:53,499][calculate_core.py 58][DEBUG]: 阴历时间 [1996-12-07 01:50:20] 的日干支为 [丁巳]
[2022-04-03 17:51:53,499][calculate_core.py 30][DEBUG]: 阴历时间:1996-12-07 01:50:20 对应的阳历时间:1997-01-15 01:50:20
[2022-04-03 17:51:53,499][calculate_core.py 78][INFO]: 阴历时间为：1996-12-07 01:50:20 年柱:丙子 月柱:辛丑 日柱:丁巳
[2022-04-03 17:51:53,499][calculate_core.py 79][INFO]: 阳历时间为：1997-01-15 01:50:20
[2022-04-03 21:32:55,197][calculate_core.py 14][DEBUG]: 1997-01-15 01:50:20
[2022-04-03 21:32:55,198][calculate_core.py 16][DEBUG]: 当前时间：1997-01-15 01:50:20 阳历时间:1997-01-15
[2022-04-03 21:32:55,209][calculate_core.py 18][DEBUG]: 阴历时间：一九九六年腊月初七
[2022-04-03 21:32:55,209][calculate_core.py 20][DEBUG]: 阴历时间：1996-12-07 01:50:20
[2022-04-03 21:32:55,209][calculate_core.py 40][DEBUG]: 阴历时间 [1996-12-07 01:50:20] 的年干支为 [丙子]
[2022-04-03 21:32:55,209][calculate_core.py 49][DEBUG]: 阴历时间 [1996-12-07 01:50:20] 的月干支为 [辛丑]
[2022-04-03 21:32:55,210][calculate_core.py 58][DEBUG]: 阴历时间 [1996-12-07 01:50:20] 的日干支为 [丁巳]
[2022-04-03 21:32:55,210][calculate_core.py 30][DEBUG]: 阴历时间:1996-12-07 01:50:20 对应的阳历时间:1997-01-15 01:50:20
[2022-04-03 21:32:55,210][calculate_core.py 78][INFO]: 阴历时间为：1996-12-07 01:50:20 年柱:丙子 月柱:辛丑 日柱:丁巳
[2022-04-03 21:32:55,210][calculate_core.py 79][INFO]: 阳历时间为：1997-01-15 01:50:20
[2022-04-03 22:28:08,955][calculate_core.py 14][DEBUG]: 2022-03-20 01:50:20
[2022-04-03 22:28:08,955][calculate_core.py 16][DEBUG]: 当前时间：2022-03-20 01:50:20 阳历时间:2022-03-20
[2022-04-03 22:28:08,960][calculate_core.py 18][DEBUG]: 阴历时间：二〇二二年二月十八
[2022-04-03 22:28:08,960][calculate_core.py 20][DEBUG]: 阴历时间：2022-02-18 01:50:20
[2022-04-03 22:28:08,961][calculate_core.py 40][DEBUG]: 阴历时间 [2022-02-18 01:50:20] 的年干支为 [壬寅]
[2022-04-03 22:28:08,961][calculate_core.py 49][DEBUG]: 阴历时间 [2022-02-18 01:50:20] 的月干支为 [癸卯]
[2022-04-03 22:28:08,961][calculate_core.py 58][DEBUG]: 阴历时间 [2022-02-18 01:50:20] 的日干支为 [壬申]
[2022-04-03 22:28:08,961][calculate_core.py 30][DEBUG]: 阴历时间:2022-02-18 01:50:20 对应的阳历时间:2022-03-20 01:50:20
[2022-04-03 22:28:08,961][calculate_core.py 78][INFO]: 阴历时间为：2022-02-18 01:50:20 年柱:壬寅 月柱:癸卯 日柱:壬申
[2022-04-03 22:28:08,961][calculate_core.py 79][INFO]: 阳历时间为：2022-03-20 01:50:20
[2022-04-03 22:28:30,395][calculate_core.py 14][DEBUG]: 2022-08-28 01:50:20
[2022-04-03 22:28:30,395][calculate_core.py 16][DEBUG]: 当前时间：2022-08-28 01:50:20 阳历时间:2022-08-28
[2022-04-03 22:28:30,401][calculate_core.py 18][DEBUG]: 阴历时间：二〇二二年八月初二
[2022-04-03 22:28:30,401][calculate_core.py 20][DEBUG]: 阴历时间：2022-08-02 01:50:20
[2022-04-03 22:28:30,401][calculate_core.py 40][DEBUG]: 阴历时间 [2022-08-02 01:50:20] 的年干支为 [壬寅]
[2022-04-03 22:28:30,401][calculate_core.py 49][DEBUG]: 阴历时间 [2022-08-02 01:50:20] 的月干支为 [戊申]
[2022-04-03 22:28:30,402][calculate_core.py 58][DEBUG]: 阴历时间 [2022-08-02 01:50:20] 的日干支为 [癸丑]
[2022-04-03 22:28:30,402][calculate_core.py 30][DEBUG]: 阴历时间:2022-08-02 01:50:20 对应的阳历时间:2022-08-28 01:50:20
[2022-04-03 22:28:30,402][calculate_core.py 78][INFO]: 阴历时间为：2022-08-02 01:50:20 年柱:壬寅 月柱:戊申 日柱:癸丑
[2022-04-03 22:28:30,402][calculate_core.py 79][INFO]: 阳历时间为：2022-08-28 01:50:20
[2022-04-04 08:27:33,990][calculate_core.py 14][DEBUG]: 2022-08-28 01:50:20
[2022-04-04 08:27:33,990][calculate_core.py 16][DEBUG]: 当前时间：2022-08-28 01:50:20 阳历时间:2022-08-28
[2022-04-04 08:27:33,995][calculate_core.py 18][DEBUG]: 阴历时间：二〇二二年八月初二
[2022-04-04 08:27:33,995][calculate_core.py 20][DEBUG]: 阴历时间：2022-08-02 01:50:20
[2022-04-04 08:27:33,996][calculate_core.py 40][DEBUG]: 阴历时间 [2022-08-02 01:50:20] 的年干支为 [壬寅]
[2022-04-04 08:27:33,996][calculate_core.py 49][DEBUG]: 阴历时间 [2022-08-02 01:50:20] 的月干支为 [戊申]
[2022-04-04 08:27:33,996][calculate_core.py 58][DEBUG]: 阴历时间 [2022-08-02 01:50:20] 的日干支为 [癸丑]
[2022-04-04 08:27:33,996][calculate_core.py 30][DEBUG]: 阴历时间:2022-08-02 01:50:20 对应的阳历时间:2022-08-28 01:50:20
[2022-04-04 08:27:33,996][calculate_core.py 91][INFO]: 阴历时间为：2022-08-02 01:50:20 年柱:壬寅 月柱:戊申 日柱:癸丑
[2022-04-04 08:27:33,997][calculate_core.py 92][INFO]: 阳历时间为：2022-08-28 01:50:20
[2022-04-04 08:27:33,997][calculate_core.py 94][INFO]: [大暑 2022-07-23 04:06:49] [立秋 2022-08-07 20:28:57]
[2022-04-04 08:33:26,252][calculate_core.py 14][DEBUG]: 2022-08-28 01:50:20
[2022-04-04 08:33:26,252][calculate_core.py 16][DEBUG]: 当前时间：2022-08-28 01:50:20 阳历时间:2022-08-28
[2022-04-04 08:33:26,257][calculate_core.py 18][DEBUG]: 阴历时间：二〇二二年八月初二
[2022-04-04 08:33:26,257][calculate_core.py 20][DEBUG]: 阴历时间：2022-08-02 01:50:20
[2022-04-04 08:33:26,257][calculate_core.py 40][DEBUG]: 阴历时间 [2022-08-02 01:50:20] 的年干支为 [壬寅]
[2022-04-04 08:33:26,258][calculate_core.py 49][DEBUG]: 阴历时间 [2022-08-02 01:50:20] 的月干支为 [戊申]
[2022-04-04 08:33:26,258][calculate_core.py 58][DEBUG]: 阴历时间 [2022-08-02 01:50:20] 的日干支为 [癸丑]
[2022-04-04 08:33:26,258][calculate_core.py 30][DEBUG]: 阴历时间:2022-08-02 01:50:20 对应的阳历时间:2022-08-28 01:50:20
[2022-04-04 08:33:26,258][calculate_core.py 91][INFO]: 阴历时间为：2022-08-02 01:50:20 年柱:壬寅 月柱:戊申 日柱:癸丑
[2022-04-04 08:33:26,258][calculate_core.py 92][INFO]: 阳历时间为：2022-08-28 01:50:20
[2022-04-04 08:33:26,258][calculate_core.py 30][DEBUG]: 阴历时间:2022-08-02 01:50:20 对应的阳历时间:2022-08-28 01:50:20
[2022-04-04 08:33:26,259][calculate_core.py 94][INFO]: [处暑 2022-08-23 11:15:59] [白露 2022-09-07 23:32:07]
[2022-04-04 08:36:43,118][calculate_core.py 14][DEBUG]: 2022-08-28 01:50:20
[2022-04-04 08:36:43,118][calculate_core.py 16][DEBUG]: 当前时间：2022-08-28 01:50:20 阳历时间:2022-08-28
[2022-04-04 08:36:43,123][calculate_core.py 18][DEBUG]: 阴历时间：二〇二二年八月初二
[2022-04-04 08:36:43,123][calculate_core.py 20][DEBUG]: 阴历时间：2022-08-02 01:50:20
[2022-04-04 08:36:43,124][calculate_core.py 40][DEBUG]: 阴历时间 [2022-08-02 01:50:20] 的年干支为 [壬寅]
[2022-04-04 08:36:43,124][calculate_core.py 49][DEBUG]: 阴历时间 [2022-08-02 01:50:20] 的月干支为 [戊申]
[2022-04-04 08:36:43,124][calculate_core.py 58][DEBUG]: 阴历时间 [2022-08-02 01:50:20] 的日干支为 [癸丑]
[2022-04-04 08:36:43,125][calculate_core.py 67][DEBUG]: 阴历时间 [2022-08-02 01:50:20] 的时辰干支为 [辛丑]
[2022-04-04 08:36:43,125][calculate_core.py 30][DEBUG]: 阴历时间:2022-08-02 01:50:20 对应的阳历时间:2022-08-28 01:50:20
[2022-04-04 08:37:22,616][calculate_core.py 14][DEBUG]: 2022-08-28 01:50:20
[2022-04-04 08:37:22,616][calculate_core.py 16][DEBUG]: 当前时间：2022-08-28 01:50:20 阳历时间:2022-08-28
[2022-04-04 08:37:22,621][calculate_core.py 18][DEBUG]: 阴历时间：二〇二二年八月初二
[2022-04-04 08:37:22,621][calculate_core.py 20][DEBUG]: 阴历时间：2022-08-02 01:50:20
[2022-04-04 08:37:22,622][calculate_core.py 40][DEBUG]: 阴历时间 [2022-08-02 01:50:20] 的年干支为 [壬寅]
[2022-04-04 08:37:22,622][calculate_core.py 49][DEBUG]: 阴历时间 [2022-08-02 01:50:20] 的月干支为 [戊申]
[2022-04-04 08:37:22,622][calculate_core.py 58][DEBUG]: 阴历时间 [2022-08-02 01:50:20] 的日干支为 [癸丑]
[2022-04-04 08:37:22,622][calculate_core.py 67][DEBUG]: 阴历时间 [2022-08-02 01:50:20] 的时辰干支为 [辛丑]
[2022-04-04 08:37:22,623][calculate_core.py 30][DEBUG]: 阴历时间:2022-08-02 01:50:20 对应的阳历时间:2022-08-28 01:50:20
[2022-04-04 08:37:22,623][calculate_core.py 92][INFO]: 阴历时间为：2022-08-02 01:50:20 年柱:壬寅 月柱:戊申 日柱:癸丑 时柱:辛丑
[2022-04-04 08:37:22,623][calculate_core.py 93][INFO]: 阳历时间为：2022-08-28 01:50:20
[2022-04-04 08:37:22,623][calculate_core.py 30][DEBUG]: 阴历时间:2022-08-02 01:50:20 对应的阳历时间:2022-08-28 01:50:20
[2022-04-04 08:37:22,623][calculate_core.py 97][INFO]: [处暑 2022-08-23 11:15:59] [白露 2022-09-07 23:32:07]
[2022-04-04 08:50:07,264][calculate_core.py 14][DEBUG]: 2022-08-28 01:50:20
[2022-04-04 08:50:07,264][calculate_core.py 16][DEBUG]: 当前时间：2022-08-28 01:50:20 阳历时间:2022-08-28
[2022-04-04 08:50:07,269][calculate_core.py 18][DEBUG]: 阴历时间：二〇二二年八月初二
[2022-04-04 08:50:07,269][calculate_core.py 20][DEBUG]: 阴历时间：2022-08-02 01:50:20
[2022-04-04 08:50:07,269][calculate_core.py 40][DEBUG]: 阴历时间 [2022-08-02 01:50:20] 的年干支为 [壬寅]
[2022-04-04 08:50:07,270][calculate_core.py 49][DEBUG]: 阴历时间 [2022-08-02 01:50:20] 的月干支为 [戊申]
[2022-04-04 08:50:07,270][calculate_core.py 58][DEBUG]: 阴历时间 [2022-08-02 01:50:20] 的日干支为 [癸丑]
[2022-04-04 08:50:07,270][calculate_core.py 67][DEBUG]: 阴历时间 [2022-08-02 01:50:20] 的时辰干支为 [辛丑]
[2022-04-04 08:50:07,270][calculate_core.py 30][DEBUG]: 阴历时间:2022-08-02 01:50:20 对应的阳历时间:2022-08-28 01:50:20
[2022-04-04 08:50:07,270][calculate_core.py 92][INFO]: 阴历时间为：2022-08-02 01:50:20 年柱:壬寅 月柱:戊申 日柱:癸丑 时柱:辛丑
[2022-04-04 08:50:07,271][calculate_core.py 93][INFO]: 阳历时间为：2022-08-28 01:50:20
[2022-04-04 08:50:07,271][calculate_core.py 30][DEBUG]: 阴历时间:2022-08-02 01:50:20 对应的阳历时间:2022-08-28 01:50:20
[2022-04-04 08:50:07,271][calculate_core.py 97][INFO]: [处暑 2022-08-23 11:15:59] [秋分 2022-09-23 09:03:31]
[2022-04-04 08:52:28,308][calculate_core.py 14][DEBUG]: 2022-08-28 01:50:20
[2022-04-04 08:52:28,308][calculate_core.py 16][DEBUG]: 当前时间：2022-08-28 01:50:20 阳历时间:2022-08-28
[2022-04-04 08:52:28,313][calculate_core.py 18][DEBUG]: 阴历时间：二〇二二年八月初二
[2022-04-04 08:52:28,313][calculate_core.py 20][DEBUG]: 阴历时间：2022-08-02 01:50:20
[2022-04-04 08:52:28,314][calculate_core.py 40][DEBUG]: 阴历时间 [2022-08-02 01:50:20] 的年干支为 [壬寅]
[2022-04-04 08:52:28,314][calculate_core.py 49][DEBUG]: 阴历时间 [2022-08-02 01:50:20] 的月干支为 [戊申]
[2022-04-04 08:52:28,314][calculate_core.py 58][DEBUG]: 阴历时间 [2022-08-02 01:50:20] 的日干支为 [癸丑]
[2022-04-04 08:52:28,314][calculate_core.py 67][DEBUG]: 阴历时间 [2022-08-02 01:50:20] 的时辰干支为 [辛丑]
[2022-04-04 08:52:28,315][calculate_core.py 30][DEBUG]: 阴历时间:2022-08-02 01:50:20 对应的阳历时间:2022-08-28 01:50:20
[2022-04-04 08:52:28,315][calculate_core.py 92][INFO]: 阴历时间为：2022-08-02 01:50:20 年柱:壬寅 月柱:戊申 日柱:癸丑 时柱:辛丑
[2022-04-04 08:52:28,315][calculate_core.py 93][INFO]: 阳历时间为：2022-08-28 01:50:20
[2022-04-04 08:52:28,315][calculate_core.py 30][DEBUG]: 阴历时间:2022-08-02 01:50:20 对应的阳历时间:2022-08-28 01:50:20
[2022-04-04 08:52:28,315][calculate_core.py 97][INFO]: [处暑 2022-08-23 11:15:59] [白露 2022-09-07 23:32:07]
[2022-04-04 09:15:20,232][calculate_core.py 17][DEBUG]: 2022-08-28 01:50:20
[2022-04-04 09:15:20,232][calculate_core.py 19][DEBUG]: 当前时间：2022-08-28 01:50:20 阳历时间:2022-08-28
[2022-04-04 09:15:20,238][calculate_core.py 21][DEBUG]: 阴历时间：二〇二二年八月初二
[2022-04-04 09:15:20,238][calculate_core.py 23][DEBUG]: 阴历时间：2022-08-02 01:50:20
[2022-04-04 09:15:20,238][calculate_core.py 43][DEBUG]: 阴历时间 [2022-08-02 01:50:20] 的年干支为 [壬寅]
[2022-04-04 09:15:20,238][calculate_core.py 52][DEBUG]: 阴历时间 [2022-08-02 01:50:20] 的月干支为 [戊申]
[2022-04-04 09:15:20,238][calculate_core.py 61][DEBUG]: 阴历时间 [2022-08-02 01:50:20] 的日干支为 [癸丑]
[2022-04-04 09:15:20,239][calculate_core.py 72][DEBUG]: 阴历时间 [2022-08-02 01:50:20] 的时辰干支为 [丁]
[2022-04-04 09:15:20,239][calculate_core.py 33][DEBUG]: 阴历时间:2022-08-02 01:50:20 对应的阳历时间:2022-08-28 01:50:20
[2022-04-04 09:15:20,239][calculate_core.py 97][INFO]: 阴历时间为：2022-08-02 01:50:20 年柱:壬寅 月柱:戊申 日柱:癸丑 时柱:丁
[2022-04-04 09:15:20,239][calculate_core.py 98][INFO]: 阳历时间为：2022-08-28 01:50:20
[2022-04-04 09:15:20,239][calculate_core.py 33][DEBUG]: 阴历时间:2022-08-02 01:50:20 对应的阳历时间:2022-08-28 01:50:20
[2022-04-04 09:15:20,240][calculate_core.py 102][INFO]: [处暑 2022-08-23 11:15:59] [白露 2022-09-07 23:32:07]
[2022-04-04 09:15:20,240][calculate_core.py 103][INFO]: 甲
[2022-04-04 09:41:50,940][calculate_core.py 14][DEBUG]: 2022-08-28 01:50:20
[2022-04-04 09:41:50,941][calculate_core.py 16][DEBUG]: 当前时间：2022-08-28 01:50:20 阳历时间:2022-08-28
[2022-04-04 09:41:50,946][calculate_core.py 18][DEBUG]: 阴历时间：二〇二二年八月初二
[2022-04-04 09:41:50,946][calculate_core.py 20][DEBUG]: 阴历时间：2022-08-02 01:50:20
[2022-04-04 09:41:50,946][calculate_core.py 40][DEBUG]: 阴历时间 [2022-08-02 01:50:20] 的年干支为 [壬寅]
[2022-04-04 09:41:50,947][calculate_core.py 49][DEBUG]: 阴历时间 [2022-08-02 01:50:20] 的月干支为 [戊申]
[2022-04-04 09:41:50,947][calculate_core.py 58][DEBUG]: 阴历时间 [2022-08-02 01:50:20] 的日干支为 [癸丑]
[2022-04-04 09:42:11,816][calculate_core.py 14][DEBUG]: 2022-08-28 01:50:20
[2022-04-04 09:42:11,816][calculate_core.py 16][DEBUG]: 当前时间：2022-08-28 01:50:20 阳历时间:2022-08-28
[2022-04-04 09:42:11,822][calculate_core.py 18][DEBUG]: 阴历时间：二〇二二年八月初二
[2022-04-04 09:42:11,822][calculate_core.py 20][DEBUG]: 阴历时间：2022-08-02 01:50:20
[2022-04-04 09:42:11,822][calculate_core.py 40][DEBUG]: 阴历时间 [2022-08-02 01:50:20] 的年干支为 [壬寅]
[2022-04-04 09:42:11,822][calculate_core.py 49][DEBUG]: 阴历时间 [2022-08-02 01:50:20] 的月干支为 [戊申]
[2022-04-04 09:42:11,823][calculate_core.py 58][DEBUG]: 阴历时间 [2022-08-02 01:50:20] 的日干支为 [癸丑]
[2022-04-04 09:42:11,823][calculate_core.py 68][DEBUG]: 阴历时间 [2022-08-02 01:50:20] 的时辰干支为 [辛丑]
[2022-04-04 09:42:11,823][calculate_core.py 30][DEBUG]: 阴历时间:2022-08-02 01:50:20 对应的阳历时间:2022-08-28 01:50:20
[2022-04-04 09:42:11,823][calculate_core.py 93][INFO]: 阴历时间为：2022-08-02 01:50:20 年柱:壬寅 月柱:戊申 日柱:癸丑 时柱:辛丑
[2022-04-04 09:42:11,823][calculate_core.py 94][INFO]: 阳历时间为：2022-08-28 01:50:20
[2022-04-04 09:42:11,823][calculate_core.py 30][DEBUG]: 阴历时间:2022-08-02 01:50:20 对应的阳历时间:2022-08-28 01:50:20
[2022-04-04 09:42:11,824][calculate_core.py 98][INFO]: [处暑 2022-08-23 11:15:59] [白露 2022-09-07 23:32:07]
[2022-04-04 09:47:27,807][calculate_core.py 14][DEBUG]: 2022-08-28 01:50:20
[2022-04-04 09:47:27,807][calculate_core.py 16][DEBUG]: 当前时间：2022-08-28 01:50:20 阳历时间:2022-08-28
[2022-04-04 09:47:27,813][calculate_core.py 18][DEBUG]: 阴历时间：二〇二二年八月初二
[2022-04-04 09:47:27,813][calculate_core.py 20][DEBUG]: 阴历时间：2022-08-02 01:50:20
[2022-04-04 09:47:27,813][calculate_core.py 40][DEBUG]: 阴历时间 [2022-08-02 01:50:20] 的年干支为 [壬寅]
[2022-04-04 09:47:27,813][calculate_core.py 49][DEBUG]: 阴历时间 [2022-08-02 01:50:20] 的月干支为 [戊申]
[2022-04-04 09:47:27,814][calculate_core.py 58][DEBUG]: 阴历时间 [2022-08-02 01:50:20] 的日干支为 [癸丑]
[2022-04-04 09:47:27,814][calculate_core.py 30][DEBUG]: 阴历时间:2022-08-02 01:50:20 对应的阳历时间:2022-08-28 01:50:20
[2022-04-04 09:47:27,814][calculate_core.py 68][DEBUG]: 阴历时间 [2022-08-02 01:50:20] 的时辰干支为 [癸丑]
[2022-04-04 09:47:27,814][calculate_core.py 30][DEBUG]: 阴历时间:2022-08-02 01:50:20 对应的阳历时间:2022-08-28 01:50:20
[2022-04-04 09:47:27,814][calculate_core.py 93][INFO]: 阴历时间为：2022-08-02 01:50:20 年柱:壬寅 月柱:戊申 日柱:癸丑 时柱:癸丑
[2022-04-04 09:47:27,814][calculate_core.py 94][INFO]: 阳历时间为：2022-08-28 01:50:20
[2022-04-04 09:47:27,815][calculate_core.py 30][DEBUG]: 阴历时间:2022-08-02 01:50:20 对应的阳历时间:2022-08-28 01:50:20
[2022-04-04 09:47:27,815][calculate_core.py 98][INFO]: [处暑 2022-08-23 11:15:59] [白露 2022-09-07 23:32:07]
[2022-04-04 09:52:41,190][calculate_core.py 14][DEBUG]: 2022-08-28 01:50:20
[2022-04-04 09:52:41,191][calculate_core.py 16][DEBUG]: 当前时间：2022-08-28 01:50:20 阳历时间:2022-08-28
[2022-04-04 09:52:41,196][calculate_core.py 18][DEBUG]: 阴历时间：二〇二二年八月初二
[2022-04-04 09:52:41,196][calculate_core.py 20][DEBUG]: 阴历时间：2022-08-02 01:50:20
[2022-04-04 09:52:41,196][calculate_core.py 40][DEBUG]: 阴历时间 [2022-08-02 01:50:20] 的年干支为 [壬寅]
[2022-04-04 09:52:41,197][calculate_core.py 49][DEBUG]: 阴历时间 [2022-08-02 01:50:20] 的月干支为 [戊申]
[2022-04-04 09:52:41,197][calculate_core.py 58][DEBUG]: 阴历时间 [2022-08-02 01:50:20] 的日干支为 [癸丑]
[2022-04-04 09:52:41,197][calculate_core.py 30][DEBUG]: 阴历时间:2022-08-02 01:50:20 对应的阳历时间:2022-08-28 01:50:20
[2022-04-04 09:52:41,197][calculate_core.py 67][DEBUG]: 阴历时间 [2022-08-02 01:50:20] 的时辰干支为 [癸丑]
[2022-04-04 09:52:41,198][calculate_core.py 30][DEBUG]: 阴历时间:2022-08-02 01:50:20 对应的阳历时间:2022-08-28 01:50:20
[2022-04-04 09:52:41,198][calculate_core.py 92][INFO]: 阴历时间为：2022-08-02 01:50:20 年柱:壬寅 月柱:戊申 日柱:癸丑 时柱:癸丑
[2022-04-04 09:52:41,198][calculate_core.py 93][INFO]: 阳历时间为：2022-08-28 01:50:20
[2022-04-04 09:52:41,198][calculate_core.py 30][DEBUG]: 阴历时间:2022-08-02 01:50:20 对应的阳历时间:2022-08-28 01:50:20
[2022-04-04 09:52:41,199][calculate_core.py 95][INFO]: [处暑 2022-08-23 11:15:59] [白露 2022-09-07 23:32:07]
[2022-04-05 23:04:24,369][calculate_core.py 14][DEBUG]: 2022-08-28 01:50:20
[2022-04-05 23:04:24,369][calculate_core.py 16][DEBUG]: 当前时间：2022-08-28 01:50:20 阳历时间:2022-08-28
[2022-04-05 23:04:24,374][calculate_core.py 18][DEBUG]: 阴历时间：二〇二二年八月初二
[2022-04-05 23:04:24,375][calculate_core.py 20][DEBUG]: 阴历时间：2022-08-02 01:50:20
[2022-04-05 23:04:24,375][calculate_core.py 40][DEBUG]: 阴历时间 [2022-08-02 01:50:20] 的年干支为 [壬寅]
[2022-04-05 23:04:24,375][calculate_core.py 49][DEBUG]: 阴历时间 [2022-08-02 01:50:20] 的月干支为 [戊申]
[2022-04-05 23:04:24,375][calculate_core.py 58][DEBUG]: 阴历时间 [2022-08-02 01:50:20] 的日干支为 [癸丑]
[2022-04-05 23:04:24,376][calculate_core.py 30][DEBUG]: 阴历时间:2022-08-02 01:50:20 对应的阳历时间:2022-08-28 01:50:20
[2022-04-05 23:04:24,376][calculate_core.py 67][DEBUG]: 阴历时间 [2022-08-02 01:50:20] 的时辰干支为 [癸丑]
[2022-04-05 23:04:24,376][calculate_core.py 30][DEBUG]: 阴历时间:2022-08-02 01:50:20 对应的阳历时间:2022-08-28 01:50:20
[2022-04-05 23:04:24,376][calculate_core.py 92][INFO]: 阴历时间为：2022-08-02 01:50:20 年柱:壬寅 月柱:戊申 日柱:癸丑 时柱:癸丑
[2022-04-05 23:04:24,376][calculate_core.py 93][INFO]: 阳历时间为：2022-08-28 01:50:20
[2022-04-05 23:04:24,377][calculate_core.py 30][DEBUG]: 阴历时间:2022-08-02 01:50:20 对应的阳历时间:2022-08-28 01:50:20
[2022-04-05 23:04:24,377][calculate_core.py 95][INFO]: [处暑 2022-08-23 11:15:59] [白露 2022-09-07 23:32:07]
[2022-04-05 23:06:09,922][calculate_core.py 40][DEBUG]: 阴历时间 [2022-08-02 01:50:20] 的年干支为 [壬寅]
[2022-04-05 23:06:09,922][calculate_core.py 49][DEBUG]: 阴历时间 [2022-08-02 01:50:20] 的月干支为 [戊申]
[2022-04-05 23:06:09,923][calculate_core.py 58][DEBUG]: 阴历时间 [2022-08-02 01:50:20] 的日干支为 [癸丑]
[2022-04-05 23:06:09,923][calculate_core.py 30][DEBUG]: 阴历时间:2022-08-02 01:50:20 对应的阳历时间:2022-08-28 01:50:20
[2022-04-05 23:06:09,923][calculate_core.py 67][DEBUG]: 阴历时间 [2022-08-02 01:50:20] 的时辰干支为 [癸丑]
[2022-04-05 23:06:09,924][calculate_core.py 30][DEBUG]: 阴历时间:2022-08-02 01:50:20 对应的阳历时间:2022-08-28 01:50:20
[2022-04-05 23:06:09,924][calculate_core.py 92][INFO]: 阴历时间为：2022-08-02 01:50:20 年柱:壬寅 月柱:戊申 日柱:癸丑 时柱:癸丑
[2022-04-05 23:06:09,924][calculate_core.py 93][INFO]: 阳历时间为：2022-08-28 01:50:20
[2022-04-05 23:06:09,924][calculate_core.py 30][DEBUG]: 阴历时间:2022-08-02 01:50:20 对应的阳历时间:2022-08-28 01:50:20
[2022-04-05 23:06:09,924][calculate_core.py 95][INFO]: [处暑 2022-08-23 11:15:59] [白露 2022-09-07 23:32:07]
[2022-04-05 23:08:02,257][calculate_core.py 92][INFO]: 阴历时间为：2022-08-02 01:50:20 年柱:壬寅 月柱:戊申 日柱:癸丑 时柱:癸丑
[2022-04-05 23:08:02,257][calculate_core.py 93][INFO]: 阳历时间为：2022-08-28 01:50:20
[2022-04-05 23:08:02,257][calculate_core.py 95][INFO]: [处暑 2022-08-23 11:15:59] [白露 2022-09-07 23:32:07]
[2022-04-05 23:32:13,017][calculate_core_1.py 92][INFO]: 阴历时间为：1949-08-02 01:50:20 年柱:己丑 月柱:癸酉 日柱:丙辰 时柱:己丑
[2022-04-05 23:32:13,017][calculate_core_1.py 93][INFO]: 阳历时间为：1949-09-23 01:50:20
[2022-04-05 23:32:13,018][calculate_core_1.py 95][INFO]: [秋分 1949-09-23 01:50:20] [秋分 1949-09-23 17:05:48]
[2022-04-05 23:35:44,882][calculate_core_1.py 92][INFO]: 阴历时间为：1949-08-02 01:50:20 年柱:己丑 月柱:癸酉 日柱:丙辰 时柱:己丑
[2022-04-05 23:35:44,882][calculate_core_1.py 93][INFO]: 阳历时间为：1949-09-23 01:50:20
[2022-04-05 23:35:44,883][calculate_core_1.py 95][INFO]: [秋分 1949-09-23 01:50:20] [秋分 1949-09-23 17:05:48]
[2022-04-05 23:39:01,600][calculate_core.py 18][DEBUG]: 阴历时间：一九四九年闰七月初五
[2022-04-05 23:39:40,074][calculate_core.py 18][DEBUG]: 阴历时间：一九四九年闰七月初五 5
[2022-04-05 23:40:25,104][calculate_core.py 18][DEBUG]: 阴历时间：一九四九年闰七月初五 -7
[2022-04-05 23:41:31,628][calculate_core.py 18][DEBUG]: 阴历时间：一九四九年闰七月初五 -7
[2022-04-05 23:41:43,701][calculate_core.py 18][DEBUG]: 阴历时间：一九四九年闰七月初五 -7
[2022-04-05 23:41:43,702][calculate_core.py 94][INFO]: 阴历时间为：1949-07-05 01:50:20 年柱:己丑 月柱:辛未 日柱:辛酉 时柱:己丑
[2022-04-05 23:41:43,702][calculate_core.py 95][INFO]: 阳历时间为：1949-07-30 01:50:20
[2022-04-05 23:41:43,703][calculate_core.py 97][INFO]: [大暑 1949-07-23 12:56:39] [立秋 1949-08-08 05:14:56]
[2022-04-05 23:48:55,709][calculate_core_1.py 92][INFO]: 阴历时间为：1949-08-02 01:50:20 年柱:己丑 月柱:癸酉 日柱:丙辰 时柱:己丑
[2022-04-05 23:48:55,709][calculate_core_1.py 93][INFO]: 阳历时间为：1949-09-23 01:50:20
[2022-04-05 23:48:55,710][calculate_core_1.py 95][INFO]: [秋分 1949-09-23 01:50:20] [秋分 1949-09-23 17:05:48]
[2022-04-05 23:52:23,951][calculate_core_1.py 92][INFO]: 阴历时间为：1949-08-02 01:50:20 年柱:己丑 月柱:癸酉 日柱:丙辰 时柱:己丑
[2022-04-05 23:52:23,951][calculate_core_1.py 93][INFO]: 阳历时间为：1949-09-23 01:50:20
[2022-04-05 23:52:23,952][calculate_core_1.py 95][INFO]: [秋分 1949-09-23 01:50:20] [秋分 1949-09-23 17:05:48]
[2022-04-05 23:52:53,964][calculate_core_1.py 92][INFO]: 阴历时间为：2017-03-29 01:50:20 年柱:丁酉 月柱:甲辰 日柱:壬午 时柱:辛丑
[2022-04-05 23:52:53,964][calculate_core_1.py 93][INFO]: 阳历时间为：2017-04-25 01:50:20
[2022-04-05 23:52:53,964][calculate_core_1.py 95][INFO]: [谷雨 2017-04-20 05:26:58] [立夏 2017-05-05 15:30:59]
[2022-04-05 23:54:01,373][calculate_core_1.py 92][INFO]: 阴历时间为：2017-03-29 01:50:20 年柱:丁酉 月柱:甲辰 日柱:壬午 时柱:辛丑
[2022-04-05 23:54:01,373][calculate_core_1.py 93][INFO]: 阳历时间为：2017-04-25 01:50:20
[2022-04-05 23:54:01,374][calculate_core_1.py 95][INFO]: [谷雨 2017-04-20 05:26:58] [立夏 2017-05-05 15:30:59]
[2022-04-09 22:42:44,419][calculate_core.py 102][INFO]: 阴历时间为：1993-03-16 18:29:57 年柱:癸酉 月柱:丙辰 日柱:戊午 时柱:辛酉
[2022-04-09 22:42:44,420][calculate_core.py 103][INFO]: 阳历时间为：1993-04-07 18:29:57
[2022-04-09 22:42:44,420][calculate_core.py 105][INFO]: [清明 1993-04-05 02:37:11] [谷雨 1993-04-20 09:49:01]
[2022-04-09 22:43:13,010][calculate_core.py 102][INFO]: 阴历时间为：2003-05-12 17:49:38 年柱:癸未 月柱:戊午 日柱:乙卯 时柱:乙酉
[2022-04-09 22:43:13,010][calculate_core.py 103][INFO]: 阳历时间为：2003-06-11 17:49:38
[2022-04-09 22:43:13,011][calculate_core.py 105][INFO]: [芒种 2003-06-06 10:19:43] [夏至 2003-06-22 03:10:28]
[2022-04-09 22:43:44,091][calculate_core.py 102][INFO]: 阴历时间为：2040-02-27 01:23:48 年柱:庚申 月柱:庚辰 日柱:丙寅 时柱:己丑
[2022-04-09 22:43:44,091][calculate_core.py 103][INFO]: 阳历时间为：2040-04-08 01:23:48
[2022-04-09 22:43:44,092][calculate_core.py 105][INFO]: [清明 2040-04-04 12:04:54] [谷雨 2040-04-19 18:58:57]
[2022-04-19 22:17:37,001][calculate_core.py 103][INFO]: 阴历时间为：2013-04-27 20:23:19 年柱:癸巳 月柱:戊午 日柱:壬寅 时柱:庚戌
[2022-04-19 22:17:37,001][calculate_core.py 104][INFO]: 阳历时间为：2013-06-05 20:23:19
[2022-04-19 22:17:37,002][calculate_core.py 106][INFO]: [芒种 2013-06-05 20:23:19] [芒种 2013-06-05 20:23:19]
[2022-04-19 22:18:13,107][calculate_core.py 103][INFO]: 阴历时间为：2013-04-27 20:24:37 年柱:癸巳 月柱:戊午 日柱:壬寅 时柱:庚戌
[2022-04-19 22:18:13,107][calculate_core.py 104][INFO]: 阳历时间为：2013-06-05 20:24:37
[2022-04-19 22:18:13,108][calculate_core.py 106][INFO]: [芒种 2013-06-05 20:24:37] [芒种 2013-06-05 20:23:19]
[2022-04-19 22:18:54,964][calculate_core.py 103][INFO]: 阴历时间为：2013-04-27 20:24:37 年柱:癸巳 月柱:戊午 日柱:壬寅 时柱:庚戌
[2022-04-19 22:18:54,964][calculate_core.py 104][INFO]: 阳历时间为：2013-06-05 20:24:37
[2022-04-19 22:18:54,965][calculate_core.py 106][INFO]: [芒种 2013-06-05 20:24:37] [芒种 2013-06-05 20:23:19]
[2022-04-19 22:23:05,564][calculate_core.py 107][INFO]: 阴历时间为：2013-04-27 20:24:37 年柱:癸巳 月柱:戊午 日柱:壬寅 时柱:庚戌
[2022-04-19 22:23:05,564][calculate_core.py 108][INFO]: 阳历时间为：2013-06-05 20:24:37
[2022-04-19 22:23:05,565][calculate_core.py 110][INFO]: [芒种] [芒种 2013-06-05 20:24:37]
[2022-04-19 22:26:40,675][calculate_core.py 107][INFO]: 阴历时间为：2013-04-27 20:24:37 年柱:癸巳 月柱:戊午 日柱:壬寅 时柱:庚戌
[2022-04-19 22:26:40,676][calculate_core.py 108][INFO]: 阳历时间为：2013-06-05 20:24:37
[2022-04-19 22:26:40,676][calculate_core.py 110][INFO]: [芒种] [芒种 2013-06-05 20:24:37]
[2022-04-19 22:28:43,264][calculate_core.py 110][INFO]: 阴历时间为：2013-04-27 20:24:37 年柱:癸巳 月柱:戊午 日柱:壬寅 时柱:庚戌
[2022-04-19 22:28:43,264][calculate_core.py 111][INFO]: 阳历时间为：2013-06-05 20:24:37
[2022-04-19 22:28:43,265][calculate_core.py 81][DEBUG]: [芒种] [芒种]
[2022-04-19 22:28:43,265][calculate_core.py 113][INFO]: [芒种] [芒种 2013-06-05 20:24:37]
[2022-04-19 22:33:19,543][calculate_core.py 110][INFO]: 阴历时间为：2013-04-27 20:24:37 年柱:癸巳 月柱:戊午 日柱:壬寅 时柱:庚戌
[2022-04-19 22:33:19,543][calculate_core.py 111][INFO]: 阳历时间为：2013-06-05 20:24:37
[2022-04-19 22:33:19,544][calculate_core.py 81][DEBUG]: [芒种] [芒种] [芒种]
[2022-04-19 22:33:19,544][calculate_core.py 113][INFO]: [芒种] [芒种 2013-06-05 20:24:37]
[2022-04-19 22:37:28,804][calculate_core.py 107][INFO]: 阴历时间为：2013-04-27 20:24:37 年柱:癸巳 月柱:戊午 日柱:壬寅 时柱:庚戌
[2022-04-19 22:37:28,805][calculate_core.py 108][INFO]: 阳历时间为：2013-06-05 20:24:37
[2022-04-19 22:37:28,805][calculate_core.py 110][INFO]: [芒种 2013-06-05 20:24:37] [芒种 2013-06-05 20:24:37]
[2022-04-19 22:45:21,175][calculate_core.py 107][INFO]: 阴历时间为：2013-04-27 20:24:37 年柱:癸巳 月柱:戊午 日柱:壬寅 时柱:庚戌
[2022-04-19 22:45:21,176][calculate_core.py 108][INFO]: 阳历时间为：2013-06-05 20:24:37
[2022-04-19 22:45:21,176][calculate_core.py 81][DEBUG]: [芒种] [芒种] [芒种]
[2022-04-19 22:45:21,176][calculate_core.py 110][INFO]: [芒种 2013-06-05 20:24:37] [芒种 2013-06-05 20:24:37]
[2022-04-19 22:47:07,077][calculate_core.py 107][INFO]: 阴历时间为：2013-04-26 20:24:37 年柱:癸巳 月柱:丁巳 日柱:辛丑 时柱:戊戌
[2022-04-19 22:47:07,077][calculate_core.py 108][INFO]: 阳历时间为：2013-06-04 20:24:37
[2022-04-19 22:47:07,078][calculate_core.py 81][DEBUG]: [None] [芒种] [小满]
[2022-04-19 22:47:07,078][calculate_core.py 110][INFO]: [小满] [芒种]
[2022-04-19 22:47:10,403][calculate_core.py 107][INFO]: 阴历时间为：2013-04-26 20:24:37 年柱:癸巳 月柱:丁巳 日柱:辛丑 时柱:戊戌
[2022-04-19 22:47:10,404][calculate_core.py 108][INFO]: 阳历时间为：2013-06-04 20:24:37
[2022-04-19 22:47:10,404][calculate_core.py 81][DEBUG]: [None] [芒种] [小满]
[2022-04-19 22:47:10,404][calculate_core.py 110][INFO]: [小满] [芒种]
[2022-04-19 22:48:55,020][calculate_core.py 103][INFO]: 阴历时间为：2013-04-26 20:24:37 年柱:癸巳 月柱:丁巳 日柱:辛丑 时柱:戊戌
[2022-04-19 22:48:55,021][calculate_core.py 104][INFO]: 阳历时间为：2013-06-04 20:24:37
[2022-04-19 22:48:55,021][calculate_core.py 106][INFO]: [小满 2013-05-21 05:09:30] [芒种 2013-06-05 20:23:19]
[2022-04-19 22:49:01,798][calculate_core.py 103][INFO]: 阴历时间为：2013-04-27 20:24:37 年柱:癸巳 月柱:戊午 日柱:壬寅 时柱:庚戌
[2022-04-19 22:49:01,798][calculate_core.py 104][INFO]: 阳历时间为：2013-06-05 20:24:37
[2022-04-19 22:49:01,799][calculate_core.py 106][INFO]: [芒种 2013-06-05 20:24:37] [芒种 2013-06-05 20:23:19]
[2022-04-20 22:20:19,513][calculate_core.py 103][INFO]: 阴历时间为：2013-04-27 20:24:37 年柱:癸巳 月柱:戊午 日柱:壬寅 时柱:庚戌
[2022-04-20 22:20:19,514][calculate_core.py 104][INFO]: 阳历时间为：2013-06-05 20:24:37
[2022-04-20 22:20:19,514][calculate_core.py 106][INFO]: [芒种 2013-06-05 20:24:37] [芒种 2013-06-05 20:23:19]
[2022-04-20 22:20:27,736][calculate_core.py 103][INFO]: 阴历时间为：2013-04-27 20:24:37 年柱:癸巳 月柱:戊午 日柱:壬寅 时柱:庚戌
[2022-04-20 22:20:27,736][calculate_core.py 104][INFO]: 阳历时间为：2013-06-05 20:24:37
[2022-04-20 22:20:27,737][calculate_core.py 106][INFO]: [芒种 2013-06-05 20:24:37] [芒种 2013-06-05 20:23:19]
[2022-04-20 22:20:40,444][calculate_core.py 103][INFO]: 阴历时间为：2013-04-27 20:24:37 年柱:癸巳 月柱:戊午 日柱:壬寅 时柱:庚戌
[2022-04-20 22:20:40,444][calculate_core.py 104][INFO]: 阳历时间为：2013-06-05 20:24:37
[2022-04-20 22:20:40,445][calculate_core.py 106][INFO]: [芒种 2013-06-05 20:24:37] [夏至 2013-06-21 13:03:56]
[2022-04-20 22:21:44,892][calculate_core.py 103][INFO]: 阴历时间为：2013-04-27 20:24:37 年柱:癸巳 月柱:戊午 日柱:壬寅 时柱:庚戌
[2022-04-20 22:21:44,892][calculate_core.py 104][INFO]: 阳历时间为：2013-06-05 20:24:37
[2022-04-20 22:21:44,893][calculate_core.py 106][INFO]: [芒种 2013-06-05 20:24:37] [夏至 2013-06-21 13:03:56]
[2022-04-20 22:22:11,201][calculate_core.py 103][INFO]: 阴历时间为：2013-04-27 20:24:37 年柱:癸巳 月柱:戊午 日柱:壬寅 时柱:庚戌
[2022-04-20 22:22:11,202][calculate_core.py 104][INFO]: 阳历时间为：2013-06-05 20:24:37
[2022-04-20 22:22:11,202][calculate_core.py 106][INFO]: [芒种 2013-06-05 20:23:19] [夏至 2013-06-21 13:03:56]
[2022-04-20 22:22:33,955][calculate_core.py 103][INFO]: 阴历时间为：2013-04-26 20:24:37 年柱:癸巳 月柱:丁巳 日柱:辛丑 时柱:戊戌
[2022-04-20 22:22:33,955][calculate_core.py 104][INFO]: 阳历时间为：2013-06-04 20:24:37
[2022-04-20 22:22:33,955][calculate_core.py 106][INFO]: [小满 2013-05-21 05:09:30] [芒种 2013-06-05 20:23:19]
[2022-04-20 22:22:36,391][calculate_core.py 103][INFO]: 阴历时间为：2013-04-26 20:24:37 年柱:癸巳 月柱:丁巳 日柱:辛丑 时柱:戊戌
[2022-04-20 22:22:36,391][calculate_core.py 104][INFO]: 阳历时间为：2013-06-04 20:24:37
[2022-04-20 22:22:36,392][calculate_core.py 106][INFO]: [小满 2013-05-21 05:09:30] [芒种 2013-06-05 20:23:19]
[2022-04-20 22:23:28,304][calculate_core.py 102][INFO]: 阴历时间为：2013-04-26 20:24:37 年柱:癸巳 月柱:丁巳 日柱:辛丑 时柱:戊戌
[2022-04-20 22:23:28,304][calculate_core.py 103][INFO]: 阳历时间为：2013-06-04 20:24:37
[2022-04-20 22:23:28,305][calculate_core.py 105][INFO]: [小满 2013-05-21 05:09:30] [芒种 2013-06-05 20:23:19]
[2022-04-20 22:23:31,552][calculate_core.py 102][INFO]: 阴历时间为：2013-04-26 20:24:37 年柱:癸巳 月柱:丁巳 日柱:辛丑 时柱:戊戌
[2022-04-20 22:23:31,552][calculate_core.py 103][INFO]: 阳历时间为：2013-06-04 20:24:37
[2022-04-20 22:23:31,553][calculate_core.py 105][INFO]: [小满 2013-05-21 05:09:30] [芒种 2013-06-05 20:23:19]
[2022-04-20 22:23:35,186][calculate_core.py 102][INFO]: 阴历时间为：2013-04-27 20:24:37 年柱:癸巳 月柱:戊午 日柱:壬寅 时柱:庚戌
[2022-04-20 22:23:35,186][calculate_core.py 103][INFO]: 阳历时间为：2013-06-05 20:24:37
[2022-04-20 22:23:35,187][calculate_core.py 105][INFO]: [芒种 2013-06-05 20:23:19] [夏至 2013-06-21 13:03:56]
[2022-05-23 21:57:12,457][1.py 47][INFO]: 阴历时间为：1996-12-07 01:50:03 年柱:丙子 月柱:辛丑 日柱:丁巳 时柱:辛丑
[2022-05-23 21:57:12,462][1.py 48][INFO]: 阳历时间为：1997-01-15 01:50:03
[2022-05-23 21:57:12,463][1.py 50][INFO]: [小寒 1997-01-05 15:24:28] [大寒 1997-01-20 08:42:31]
[2022-05-23 21:58:03,724][1.py 47][INFO]: 阴历时间为：1996-12-07 01:50:03 年柱:丙子 月柱:辛丑 日柱:丁巳 时柱:辛丑
[2022-05-23 21:58:03,724][1.py 48][INFO]: 阳历时间为：1997-01-15 01:50:03
[2022-05-23 21:58:03,724][1.py 50][INFO]: [小寒 1997-01-05 15:24:28] [大寒 1997-01-20 08:42:31]
[2022-05-23 21:58:05,425][1.py 47][INFO]: 阴历时间为：1996-12-07 01:50:03 年柱:丙子 月柱:辛丑 日柱:丁巳 时柱:辛丑
[2022-05-23 21:58:05,425][1.py 48][INFO]: 阳历时间为：1997-01-15 01:50:03
[2022-05-23 21:58:05,426][1.py 50][INFO]: [小寒 1997-01-05 15:24:28] [大寒 1997-01-20 08:42:31]
[2022-05-23 21:59:43,823][1.py 48][INFO]: 阴历时间为：1996-12-07 01:50:03 年柱:丙子 月柱:辛丑 日柱:丁巳 时柱:辛丑
[2022-05-23 21:59:43,823][1.py 49][INFO]: 阳历时间为：1997-01-15 01:50:03
[2022-05-23 21:59:43,824][1.py 51][INFO]: [小寒 1997-01-05 15:24:28] [大寒 1997-01-20 08:42:31]
[2022-05-25 08:20:00,799][1.py 48][INFO]: 阴历时间为：1996-12-07 01:50:03 年柱:丙子 月柱:辛丑 日柱:丁巳 时柱:辛丑
[2022-05-25 08:20:00,800][1.py 49][INFO]: 阳历时间为：1997-01-15 01:50:03
[2022-05-25 08:20:00,800][1.py 51][INFO]: [小寒 1997-01-05 15:24:28] [大寒 1997-01-20 08:42:31]
[2022-05-25 22:21:04,129][1.py 56][INFO]: 阴历时间为：1996-11-22 00:01:00 年柱:丙子 月柱:庚子 日柱:癸卯 时柱:壬子
[2022-05-25 22:21:04,129][1.py 57][INFO]: 阳历时间为：1997-01-01 00:01:00
[2022-05-25 22:21:04,130][1.py 59][INFO]: [冬至 1996-12-21 22:05:53] [小寒 1997-01-05 15:24:28]
[2022-05-25 22:21:05,017][1.py 56][INFO]: 阴历时间为：1996-11-22 00:01:00 年柱:丙子 月柱:庚子 日柱:癸卯 时柱:壬子
[2022-05-25 22:21:05,017][1.py 57][INFO]: 阳历时间为：1997-01-01 00:01:00
[2022-05-25 22:21:05,018][1.py 59][INFO]: [冬至 1996-12-21 22:05:53] [小寒 1997-01-05 15:24:28]
[2022-05-25 22:21:05,201][1.py 56][INFO]: 阴历时间为：1996-11-22 00:01:00 年柱:丙子 月柱:庚子 日柱:癸卯 时柱:壬子
[2022-05-25 22:21:05,201][1.py 57][INFO]: 阳历时间为：1997-01-01 00:01:00
[2022-05-25 22:21:05,202][1.py 59][INFO]: [冬至 1996-12-21 22:05:53] [小寒 1997-01-05 15:24:28]
[2022-05-25 22:21:23,196][1.py 56][INFO]: 阴历时间为：1996-11-22 00:01:00 年柱:丙子 月柱:庚子 日柱:癸卯 时柱:壬子
[2022-05-25 22:21:23,196][1.py 57][INFO]: 阳历时间为：1997-01-01 00:01:00
[2022-05-25 22:21:23,197][1.py 59][INFO]: [冬至 1996-12-21 22:05:53] [小寒 1997-01-05 15:24:28]
[2022-05-25 22:22:14,278][1.py 56][INFO]: 阴历时间为：1996-11-22 00:01:00 年柱:丙子 月柱:庚子 日柱:癸卯 时柱:壬子
[2022-05-25 22:22:14,278][1.py 57][INFO]: 阳历时间为：1997-01-01 00:01:00
[2022-05-25 22:22:14,279][1.py 59][INFO]: [冬至 1996-12-21 22:05:53] [小寒 1997-01-05 15:24:28]
[2022-05-26 00:21:13,851][1.py 48][INFO]: 阴历时间为：1909-02-11 02:01:00 年柱:己酉 月柱:丙寅 日柱:辛酉 时柱:己丑
[2022-05-26 00:21:13,851][1.py 49][INFO]: 阳历时间为：1909-03-02 02:01:00
[2022-05-26 00:21:13,852][1.py 51][INFO]: [雨水 1909-02-19 14:38:19] [惊蛰 1909-03-06 13:00:47]
[2022-05-26 00:23:52,613][1.py 48][INFO]: 阴历时间为：1996-11-22 00:01:00 年柱:丙子 月柱:庚子 日柱:癸卯 时柱:壬子
[2022-05-26 00:23:52,613][1.py 49][INFO]: 阳历时间为：1997-01-01 00:01:00
[2022-05-26 00:23:52,613][1.py 51][INFO]: [冬至 1996-12-21 22:05:53] [小寒 1997-01-05 15:24:28]
[2022-05-26 00:26:18,030][1.py 48][INFO]: 阴历时间为：1996-11-22 00:01:00 年柱:丙子 月柱:庚子 日柱:癸卯 时柱:壬子
[2022-05-26 00:26:18,030][1.py 49][INFO]: 阳历时间为：1997-01-01 00:01:00
[2022-05-26 00:26:18,030][1.py 51][INFO]: [冬至 1996-12-21 22:05:53] [小寒 1997-01-05 15:24:28]
[2022-05-26 00:28:42,972][1.py 48][INFO]: 阴历时间为：1996-11-22 00:01:00 年柱:丙子 月柱:庚子 日柱:癸卯 时柱:壬子
[2022-05-26 00:28:42,972][1.py 49][INFO]: 阳历时间为：1997-01-01 00:01:00
[2022-05-26 00:28:42,973][1.py 51][INFO]: [冬至 1996-12-21 22:05:53] [小寒 1997-01-05 15:24:28]
[2022-05-26 00:28:45,152][1.py 48][INFO]: 阴历时间为：1996-11-22 00:01:00 年柱:丙子 月柱:庚子 日柱:癸卯 时柱:壬子
[2022-05-26 00:28:45,152][1.py 49][INFO]: 阳历时间为：1997-01-01 00:01:00
[2022-05-26 00:28:45,153][1.py 51][INFO]: [冬至 1996-12-21 22:05:53] [小寒 1997-01-05 15:24:28]
[2022-05-26 00:28:49,450][1.py 48][INFO]: 阴历时间为：1996-11-22 00:01:00 年柱:丙子 月柱:庚子 日柱:癸卯 时柱:壬子
[2022-05-26 00:28:49,450][1.py 49][INFO]: 阳历时间为：1997-01-01 00:01:00
[2022-05-26 00:28:49,450][1.py 51][INFO]: [冬至 1996-12-21 22:05:53] [小寒 1997-01-05 15:24:28]
[2022-05-26 00:28:54,309][1.py 48][INFO]: 阴历时间为：1996-11-22 00:01:00 年柱:丙子 月柱:庚子 日柱:癸卯 时柱:壬子
[2022-05-26 00:28:54,309][1.py 49][INFO]: 阳历时间为：1997-01-01 00:01:00
[2022-05-26 00:28:54,310][1.py 51][INFO]: [冬至 1996-12-21 22:05:53] [小寒 1997-01-05 15:24:28]
[2022-05-26 00:39:21,644][1.py 48][INFO]: 阴历时间为：1996-11-22 00:01:00 年柱:丙子 月柱:庚子 日柱:癸卯 时柱:壬子
[2022-05-26 00:39:21,645][1.py 49][INFO]: 阳历时间为：1997-01-01 00:01:00
[2022-05-26 00:39:21,645][1.py 51][INFO]: [冬至 1996-12-21 22:05:53] [小寒 1997-01-05 15:24:28]
[2022-05-26 00:39:47,706][1.py 48][INFO]: 阴历时间为：1996-11-22 00:01:00 年柱:丙子 月柱:庚子 日柱:癸卯 时柱:壬子
[2022-05-26 00:39:47,706][1.py 49][INFO]: 阳历时间为：1997-01-01 00:01:00
[2022-05-26 00:39:47,707][1.py 51][INFO]: [冬至 1996-12-21 22:05:53] [小寒 1997-01-05 15:24:28]
[2022-05-26 09:02:33,715][1.py 48][INFO]: 阴历时间为：1996-11-22 00:01:00 年柱:丙子 月柱:庚子 日柱:癸卯 时柱:壬子
[2022-05-26 09:02:33,715][1.py 49][INFO]: 阳历时间为：1997-01-01 00:01:00
[2022-05-26 09:02:33,715][1.py 51][INFO]: [冬至 1996-12-21 22:05:53] [小寒 1997-01-05 15:24:28]
[2022-05-26 09:02:47,905][1.py 48][INFO]: 阴历时间为：1995-11-11 00:01:00 年柱:乙亥 月柱:戊子 日柱:丁酉 时柱:庚子
[2022-05-26 09:02:47,905][1.py 49][INFO]: 阳历时间为：1996-01-01 00:01:00
[2022-05-26 09:02:47,905][1.py 51][INFO]: [冬至 1995-12-22 16:16:47] [小寒 1996-01-06 09:31:27]
[2022-05-26 09:02:47,973][1.py 48][INFO]: 阴历时间为：1995-11-11 00:01:00 年柱:乙亥 月柱:戊子 日柱:丁酉 时柱:庚子
[2022-05-26 09:02:47,973][1.py 49][INFO]: 阳历时间为：1996-01-01 00:01:00
[2022-05-26 09:02:47,974][1.py 51][INFO]: [冬至 1995-12-22 16:16:47] [小寒 1996-01-06 09:31:27]
[2022-05-26 09:05:56,028][1.py 48][INFO]: 阴历时间为：1996-11-22 00:01:00 年柱:丙子 月柱:庚子 日柱:癸卯 时柱:壬子
[2022-05-26 09:05:56,028][1.py 49][INFO]: 阳历时间为：1997-01-01 00:01:00
[2022-05-26 09:05:56,029][1.py 51][INFO]: [冬至 1996-12-21 22:05:53] [小寒 1997-01-05 15:24:28]
[2022-05-26 09:08:17,069][1.py 48][INFO]: 阴历时间为：1996-11-22 00:01:00 年柱:丙子 月柱:庚子 日柱:癸卯 时柱:壬子
[2022-05-26 09:08:17,069][1.py 49][INFO]: 阳历时间为：1997-01-01 00:01:00
[2022-05-26 09:08:17,070][1.py 51][INFO]: [冬至 1996-12-21 22:05:53] [小寒 1997-01-05 15:24:28]
[2022-05-26 10:32:03,306][1.py 48][INFO]: 阴历时间为：1996-11-22 00:01:00 年柱:丙子 月柱:庚子 日柱:癸卯 时柱:壬子
[2022-05-26 10:32:03,307][1.py 49][INFO]: 阳历时间为：1997-01-01 00:01:00
[2022-05-26 10:32:03,307][1.py 51][INFO]: [冬至 1996-12-21 22:05:53] [小寒 1997-01-05 15:24:28]
[2022-05-29 20:22:05,297][1.py 48][INFO]: 阴历时间为：1996-11-22 00:01:00 年柱:丙子 月柱:庚子 日柱:癸卯 时柱:壬子
[2022-05-29 20:22:05,297][1.py 49][INFO]: 阳历时间为：1997-01-01 00:01:00
[2022-05-29 20:22:05,297][1.py 51][INFO]: [冬至 1996-12-21 22:05:53] [小寒 1997-01-05 15:24:28]
[2022-05-29 20:43:29,109][1.py 48][INFO]: 阴历时间为：1996-11-22 00:01:00 年柱:丙子 月柱:庚子 日柱:癸卯 时柱:壬子
[2022-05-29 20:43:29,109][1.py 49][INFO]: 阳历时间为：1997-01-01 00:01:00
[2022-05-29 20:43:29,110][1.py 51][INFO]: [冬至 1996-12-21 22:05:53] [小寒 1997-01-05 15:24:28]
[2022-05-29 20:45:05,024][1.py 48][INFO]: 阴历时间为：1996-11-22 00:01:00 年柱:丙子 月柱:庚子 日柱:癸卯 时柱:壬子
[2022-05-29 20:45:05,024][1.py 49][INFO]: 阳历时间为：1997-01-01 00:01:00
[2022-05-29 20:45:05,025][1.py 51][INFO]: [冬至 1996-12-21 22:05:53] [小寒 1997-01-05 15:24:28]
[2022-05-29 20:46:31,065][1.py 48][INFO]: 阴历时间为：1996-11-22 00:01:00 年柱:丙子 月柱:庚子 日柱:癸卯 时柱:壬子
[2022-05-29 20:46:31,065][1.py 49][INFO]: 阳历时间为：1997-01-01 00:01:00
[2022-05-29 20:46:31,065][1.py 51][INFO]: [冬至 1996-12-21 22:05:53] [小寒 1997-01-05 15:24:28]
[2022-05-29 20:52:10,848][1.py 48][INFO]: 阴历时间为：1996-11-22 00:01:00 年柱:丙子 月柱:庚子 日柱:癸卯 时柱:壬子
[2022-05-29 20:52:10,848][1.py 49][INFO]: 阳历时间为：1997-01-01 00:01:00
[2022-05-29 20:52:10,849][1.py 51][INFO]: [冬至 1996-12-21 22:05:53] [小寒 1997-01-05 15:24:28]
[2022-05-29 20:54:53,157][1.py 48][INFO]: 阴历时间为：1996-11-22 00:01:00 年柱:丙子 月柱:庚子 日柱:癸卯 时柱:壬子
[2022-05-29 20:54:53,157][1.py 49][INFO]: 阳历时间为：1997-01-01 00:01:00
[2022-05-29 20:54:53,158][1.py 51][INFO]: [冬至 1996-12-21 22:05:53] [小寒 1997-01-05 15:24:28]
[2022-05-29 20:55:25,426][1.py 48][INFO]: 阴历时间为：1996-11-22 00:01:00 年柱:丙子 月柱:庚子 日柱:癸卯 时柱:壬子
[2022-05-29 20:55:25,426][1.py 49][INFO]: 阳历时间为：1997-01-01 00:01:00
[2022-05-29 20:55:25,427][1.py 51][INFO]: [冬至 1996-12-21 22:05:53] [小寒 1997-01-05 15:24:28]
[2022-05-29 20:56:12,852][1.py 48][INFO]: 阴历时间为：1996-11-22 00:01:00 年柱:丙子 月柱:庚子 日柱:癸卯 时柱:壬子
[2022-05-29 20:56:12,852][1.py 49][INFO]: 阳历时间为：1997-01-01 00:01:00
[2022-05-29 20:56:12,853][1.py 51][INFO]: [冬至 1996-12-21 22:05:53] [小寒 1997-01-05 15:24:28]
[2022-05-29 20:56:56,408][1.py 48][INFO]: 阴历时间为：1996-11-22 00:01:00 年柱:丙子 月柱:庚子 日柱:癸卯 时柱:壬子
[2022-05-29 20:56:56,408][1.py 49][INFO]: 阳历时间为：1997-01-01 00:01:00
[2022-05-29 20:56:56,409][1.py 51][INFO]: [冬至 1996-12-21 22:05:53] [小寒 1997-01-05 15:24:28]
[2022-05-29 20:57:22,481][1.py 48][INFO]: 阴历时间为：1996-11-22 00:01:00 年柱:丙子 月柱:庚子 日柱:癸卯 时柱:壬子
[2022-05-29 20:57:22,481][1.py 49][INFO]: 阳历时间为：1997-01-01 00:01:00
[2022-05-29 20:57:22,482][1.py 51][INFO]: [冬至 1996-12-21 22:05:53] [小寒 1997-01-05 15:24:28]
[2022-05-29 20:57:38,052][1.py 48][INFO]: 阴历时间为：1996-11-22 00:01:00 年柱:丙子 月柱:庚子 日柱:癸卯 时柱:壬子
[2022-05-29 20:57:38,052][1.py 49][INFO]: 阳历时间为：1997-01-01 00:01:00
[2022-05-29 20:57:38,053][1.py 51][INFO]: [冬至 1996-12-21 22:05:53] [小寒 1997-01-05 15:24:28]
[2022-05-29 20:59:47,667][1.py 48][INFO]: 阴历时间为：1996-11-22 00:01:00 年柱:丙子 月柱:庚子 日柱:癸卯 时柱:壬子
[2022-05-29 20:59:47,668][1.py 49][INFO]: 阳历时间为：1997-01-01 00:01:00
[2022-05-29 20:59:47,668][1.py 51][INFO]: [冬至 1996-12-21 22:05:53] [小寒 1997-01-05 15:24:28]
[2022-05-29 21:00:02,326][1.py 48][INFO]: 阴历时间为：1996-11-22 00:01:00 年柱:丙子 月柱:庚子 日柱:癸卯 时柱:壬子
[2022-05-29 21:00:02,326][1.py 49][INFO]: 阳历时间为：1997-01-01 00:01:00
[2022-05-29 21:00:02,327][1.py 51][INFO]: [冬至 1996-12-21 22:05:53] [小寒 1997-01-05 15:24:28]
[2022-05-29 21:00:55,591][1.py 48][INFO]: 阴历时间为：1996-11-22 00:01:00 年柱:丙子 月柱:庚子 日柱:癸卯 时柱:壬子
[2022-05-29 21:00:55,592][1.py 49][INFO]: 阳历时间为：1997-01-01 00:01:00
[2022-05-29 21:00:55,592][1.py 51][INFO]: [冬至 1996-12-21 22:05:53] [小寒 1997-01-05 15:24:28]
[2022-05-29 21:01:33,833][1.py 48][INFO]: 阴历时间为：1996-11-22 00:01:00 年柱:丙子 月柱:庚子 日柱:癸卯 时柱:壬子
[2022-05-29 21:01:33,833][1.py 49][INFO]: 阳历时间为：1997-01-01 00:01:00
[2022-05-29 21:01:33,834][1.py 51][INFO]: [冬至 1996-12-21 22:05:53] [小寒 1997-01-05 15:24:28]
[2022-05-29 21:02:03,783][1.py 48][INFO]: 阴历时间为：1996-11-22 00:01:00 年柱:丙子 月柱:庚子 日柱:癸卯 时柱:壬子
[2022-05-29 21:02:03,783][1.py 49][INFO]: 阳历时间为：1997-01-01 00:01:00
[2022-05-29 21:02:03,784][1.py 51][INFO]: [冬至 1996-12-21 22:05:53] [小寒 1997-01-05 15:24:28]
[2022-05-29 21:05:42,577][1.py 48][INFO]: 阴历时间为：1996-11-22 00:01:00 年柱:丙子 月柱:庚子 日柱:癸卯 时柱:壬子
[2022-05-29 21:05:42,577][1.py 49][INFO]: 阳历时间为：1997-01-01 00:01:00
[2022-05-29 21:05:42,577][1.py 51][INFO]: [冬至 1996-12-21 22:05:53] [小寒 1997-01-05 15:24:28]
[2022-05-29 21:23:29,037][1.py 48][INFO]: 阴历时间为：1996-11-22 00:01:00 年柱:丙子 月柱:庚子 日柱:癸卯 时柱:壬子
[2022-05-29 21:23:29,037][1.py 49][INFO]: 阳历时间为：1997-01-01 00:01:00
[2022-05-29 21:23:29,037][1.py 51][INFO]: [冬至 1996-12-21 22:05:53] [小寒 1997-01-05 15:24:28]
[2022-05-29 21:26:13,501][1.py 48][INFO]: 阴历时间为：1996-11-22 00:01:00 年柱:丙子 月柱:庚子 日柱:癸卯 时柱:壬子
[2022-05-29 21:26:13,502][1.py 49][INFO]: 阳历时间为：1997-01-01 00:01:00
[2022-05-29 21:26:13,502][1.py 51][INFO]: [冬至 1996-12-21 22:05:53] [小寒 1997-01-05 15:24:28]
[2022-05-29 21:26:47,653][1.py 48][INFO]: 阴历时间为：1996-11-22 00:01:00 年柱:丙子 月柱:庚子 日柱:癸卯 时柱:壬子
[2022-05-29 21:26:47,653][1.py 49][INFO]: 阳历时间为：1997-01-01 00:01:00
[2022-05-29 21:26:47,654][1.py 51][INFO]: [冬至 1996-12-21 22:05:53] [小寒 1997-01-05 15:24:28]
[2022-05-29 21:29:22,852][1.py 48][INFO]: 阴历时间为：1996-11-22 00:01:00 年柱:丙子 月柱:庚子 日柱:癸卯 时柱:壬子
[2022-05-29 21:29:22,852][1.py 49][INFO]: 阳历时间为：1997-01-01 00:01:00
[2022-05-29 21:29:22,852][1.py 51][INFO]: [冬至 1996-12-21 22:05:53] [小寒 1997-01-05 15:24:28]
[2022-05-29 21:31:16,154][1.py 48][INFO]: 阴历时间为：1996-11-22 00:01:00 年柱:丙子 月柱:庚子 日柱:癸卯 时柱:壬子
[2022-05-29 21:31:16,154][1.py 49][INFO]: 阳历时间为：1997-01-01 00:01:00
[2022-05-29 21:31:16,155][1.py 51][INFO]: [冬至 1996-12-21 22:05:53] [小寒 1997-01-05 15:24:28]
[2022-05-29 21:31:46,145][1.py 48][INFO]: 阴历时间为：1996-11-22 00:01:00 年柱:丙子 月柱:庚子 日柱:癸卯 时柱:壬子
[2022-05-29 21:31:46,146][1.py 49][INFO]: 阳历时间为：1997-01-01 00:01:00
[2022-05-29 21:31:46,146][1.py 51][INFO]: [冬至 1996-12-21 22:05:53] [小寒 1997-01-05 15:24:28]
[2022-05-29 21:32:02,526][1.py 48][INFO]: 阴历时间为：1996-11-22 00:01:00 年柱:丙子 月柱:庚子 日柱:癸卯 时柱:壬子
[2022-05-29 21:32:02,526][1.py 49][INFO]: 阳历时间为：1997-01-01 00:01:00
[2022-05-29 21:32:02,527][1.py 51][INFO]: [冬至 1996-12-21 22:05:53] [小寒 1997-01-05 15:24:28]
[2022-05-29 21:32:18,285][1.py 48][INFO]: 阴历时间为：1996-11-22 00:01:00 年柱:丙子 月柱:庚子 日柱:癸卯 时柱:壬子
[2022-05-29 21:32:18,285][1.py 49][INFO]: 阳历时间为：1997-01-01 00:01:00
[2022-05-29 21:32:18,285][1.py 51][INFO]: [冬至 1996-12-21 22:05:53] [小寒 1997-01-05 15:24:28]
[2022-05-29 21:38:12,805][1.py 48][INFO]: 阴历时间为：1996-11-22 00:01:00 年柱:丙子 月柱:庚子 日柱:癸卯 时柱:壬子
[2022-05-29 21:38:12,805][1.py 49][INFO]: 阳历时间为：1997-01-01 00:01:00
[2022-05-29 21:38:12,806][1.py 51][INFO]: [冬至 1996-12-21 22:05:53] [小寒 1997-01-05 15:24:28]
[2022-05-29 21:41:14,662][1.py 48][INFO]: 阴历时间为：1996-11-22 00:01:00 年柱:丙子 月柱:庚子 日柱:癸卯 时柱:壬子
[2022-05-29 21:41:14,662][1.py 49][INFO]: 阳历时间为：1997-01-01 00:01:00
[2022-05-29 21:41:14,663][1.py 51][INFO]: [冬至 1996-12-21 22:05:53] [小寒 1997-01-05 15:24:28]
[2022-05-29 21:45:02,200][1.py 48][INFO]: 阴历时间为：1996-11-22 00:01:00 年柱:丙子 月柱:庚子 日柱:癸卯 时柱:壬子
[2022-05-29 21:45:02,200][1.py 49][INFO]: 阳历时间为：1997-01-01 00:01:00
[2022-05-29 21:45:02,201][1.py 51][INFO]: [冬至 1996-12-21 22:05:53] [小寒 1997-01-05 15:24:28]
[2022-05-29 21:48:22,594][1.py 48][INFO]: 阴历时间为：1996-11-22 00:01:00 年柱:丙子 月柱:庚子 日柱:癸卯 时柱:壬子
[2022-05-29 21:48:22,594][1.py 49][INFO]: 阳历时间为：1997-01-01 00:01:00
[2022-05-29 21:48:22,595][1.py 51][INFO]: [冬至 1996-12-21 22:05:53] [小寒 1997-01-05 15:24:28]
[2022-06-04 19:23:24,632][1.py 48][INFO]: 阴历时间为：1996-11-22 00:01:00 年柱:丙子 月柱:庚子 日柱:癸卯 时柱:壬子
[2022-06-04 19:23:24,632][1.py 49][INFO]: 阳历时间为：1997-01-01 00:01:00
[2022-06-04 19:23:24,632][1.py 51][INFO]: [冬至 1996-12-21 22:05:53] [小寒 1997-01-05 15:24:28]
[2022-06-04 19:25:31,820][1.py 48][INFO]: 阴历时间为：1996-11-22 00:01:00 年柱:丙子 月柱:庚子 日柱:癸卯 时柱:壬子
[2022-06-04 19:25:31,820][1.py 49][INFO]: 阳历时间为：1997-01-01 00:01:00
[2022-06-04 19:25:31,820][1.py 51][INFO]: [冬至 1996-12-21 22:05:53] [小寒 1997-01-05 15:24:28]
[2022-06-04 19:27:44,292][1.py 48][INFO]: 阴历时间为：1996-11-22 00:01:00 年柱:丙子 月柱:庚子 日柱:癸卯 时柱:壬子
[2022-06-04 19:27:44,292][1.py 49][INFO]: 阳历时间为：1997-01-01 00:01:00
[2022-06-04 19:27:44,293][1.py 51][INFO]: [冬至 1996-12-21 22:05:53] [小寒 1997-01-05 15:24:28]
[2022-06-04 19:28:25,151][1.py 48][INFO]: 阴历时间为：1996-11-22 00:01:00 年柱:丙子 月柱:庚子 日柱:癸卯 时柱:壬子
[2022-06-04 19:28:25,151][1.py 49][INFO]: 阳历时间为：1997-01-01 00:01:00
[2022-06-04 19:28:25,151][1.py 51][INFO]: [冬至 1996-12-21 22:05:53] [小寒 1997-01-05 15:24:28]
[2022-06-04 19:30:00,058][1.py 48][INFO]: 阴历时间为：1996-11-22 00:01:00 年柱:丙子 月柱:庚子 日柱:癸卯 时柱:壬子
[2022-06-04 19:30:00,059][1.py 49][INFO]: 阳历时间为：1997-01-01 00:01:00
[2022-06-04 19:30:00,059][1.py 51][INFO]: [冬至 1996-12-21 22:05:53] [小寒 1997-01-05 15:24:28]
[2022-06-04 19:30:41,654][1.py 48][INFO]: 阴历时间为：1996-11-22 00:01:00 年柱:丙子 月柱:庚子 日柱:癸卯 时柱:壬子
[2022-06-04 19:30:41,654][1.py 49][INFO]: 阳历时间为：1997-01-01 00:01:00
[2022-06-04 19:30:41,654][1.py 51][INFO]: [冬至 1996-12-21 22:05:53] [小寒 1997-01-05 15:24:28]
[2022-06-04 20:00:47,162][1.py 48][INFO]: 阴历时间为：1996-11-22 00:01:00 年柱:丙子 月柱:庚子 日柱:癸卯 时柱:壬子
[2022-06-04 20:00:47,162][1.py 49][INFO]: 阳历时间为：1997-01-01 00:01:00
[2022-06-04 20:00:47,163][1.py 51][INFO]: [冬至 1996-12-21 22:05:53] [小寒 1997-01-05 15:24:28]
[2022-06-05 00:03:35,311][1.py 48][INFO]: 阴历时间为：1996-11-22 00:01:00 年柱:丙子 月柱:庚子 日柱:癸卯 时柱:壬子
[2022-06-05 00:03:35,311][1.py 49][INFO]: 阳历时间为：1997-01-01 00:01:00
[2022-06-05 00:03:35,312][1.py 51][INFO]: [冬至 1996-12-21 22:05:53] [小寒 1997-01-05 15:24:28]
[2022-06-05 00:05:16,915][1.py 48][INFO]: 阴历时间为：1996-11-22 00:01:00 年柱:丙子 月柱:庚子 日柱:癸卯 时柱:壬子
[2022-06-05 00:05:16,916][1.py 49][INFO]: 阳历时间为：1997-01-01 00:01:00
[2022-06-05 00:05:16,916][1.py 51][INFO]: [冬至 1996-12-21 22:05:53] [小寒 1997-01-05 15:24:28]
[2022-06-05 00:05:19,705][1.py 48][INFO]: 阴历时间为：1996-11-22 00:01:00 年柱:丙子 月柱:庚子 日柱:癸卯 时柱:壬子
[2022-06-05 00:05:19,705][1.py 49][INFO]: 阳历时间为：1997-01-01 00:01:00
[2022-06-05 00:05:19,706][1.py 51][INFO]: [冬至 1996-12-21 22:05:53] [小寒 1997-01-05 15:24:28]
[2022-06-05 00:08:26,762][1.py 48][INFO]: 阴历时间为：1996-11-22 00:01:00 年柱:丙子 月柱:庚子 日柱:癸卯 时柱:壬子
[2022-06-05 00:08:26,762][1.py 49][INFO]: 阳历时间为：1997-01-01 00:01:00
[2022-06-05 00:08:26,763][1.py 51][INFO]: [冬至 1996-12-21 22:05:53] [小寒 1997-01-05 15:24:28]
[2022-06-05 06:43:22,356][1.py 48][INFO]: 阴历时间为：1996-11-22 00:01:00 年柱:丙子 月柱:庚子 日柱:癸卯 时柱:壬子
[2022-06-05 06:43:22,356][1.py 49][INFO]: 阳历时间为：1997-01-01 00:01:00
[2022-06-05 06:43:22,357][1.py 51][INFO]: [冬至 1996-12-21 22:05:53] [小寒 1997-01-05 15:24:28]
[2022-06-05 07:56:50,171][1.py 48][INFO]: 阴历时间为：1996-11-22 00:01:00 年柱:丙子 月柱:庚子 日柱:癸卯 时柱:壬子
[2022-06-05 07:56:50,172][1.py 49][INFO]: 阳历时间为：1997-01-01 00:01:00
[2022-06-05 07:56:50,172][1.py 51][INFO]: [冬至 1996-12-21 22:05:53] [小寒 1997-01-05 15:24:28]
[2022-06-05 08:00:22,557][1.py 48][INFO]: 阴历时间为：1996-11-22 00:01:00 年柱:丙子 月柱:庚子 日柱:癸卯 时柱:壬子
[2022-06-05 08:00:22,557][1.py 49][INFO]: 阳历时间为：1997-01-01 00:01:00
[2022-06-05 08:00:22,557][1.py 51][INFO]: [冬至 1996-12-21 22:05:53] [小寒 1997-01-05 15:24:28]
[2022-06-05 08:51:52,250][1.py 48][INFO]: 阴历时间为：1997-07-07 15:01:00 年柱:丁丑 月柱:戊申 日柱:癸未 时柱:庚申
[2022-06-05 08:51:52,250][1.py 49][INFO]: 阳历时间为：1997-08-09 15:01:00
[2022-06-05 08:51:52,251][1.py 51][INFO]: [立秋 1997-08-07 19:36:18] [处暑 1997-08-23 10:19:11]
[2022-06-05 08:55:59,770][1.py 48][INFO]: 阴历时间为：1996-02-22 13:01:00 年柱:丙子 月柱:壬辰 日柱:丙子 时柱:乙未
[2022-06-05 08:55:59,771][1.py 49][INFO]: 阳历时间为：1996-04-09 13:01:00
[2022-06-05 08:55:59,771][1.py 51][INFO]: [清明 1996-04-04 20:02:01] [谷雨 1996-04-20 03:09:53]
[2022-06-14 23:13:05,962][1.py 48][INFO]: 阴历时间为：1996-11-22 00:01:00 年柱:丙子 月柱:庚子 日柱:癸卯 时柱:壬子
[2022-06-14 23:13:05,964][1.py 49][INFO]: 阳历时间为：1997-01-01 00:01:00
[2022-06-14 23:13:05,965][1.py 51][INFO]: [冬至 1996-12-21 22:05:53] [小寒 1997-01-05 15:24:28]
[2022-06-15 13:53:27,960][1.py 48][INFO]: 阴历时间为：1996-11-22 00:01:00 年柱:丙子 月柱:庚子 日柱:癸卯 时柱:壬子
[2022-06-15 13:53:27,960][1.py 49][INFO]: 阳历时间为：1997-01-01 00:01:00
[2022-06-15 13:53:27,961][1.py 51][INFO]: [冬至 1996-12-21 22:05:53] [小寒 1997-01-05 15:24:28]
[2022-06-15 13:53:57,253][1.py 48][INFO]: 阴历时间为：1996-11-22 00:01:00 年柱:丙子 月柱:庚子 日柱:癸卯 时柱:壬子
[2022-06-15 13:53:57,253][1.py 49][INFO]: 阳历时间为：1997-01-01 00:01:00
[2022-06-15 13:53:57,254][1.py 51][INFO]: [冬至 1996-12-21 22:05:53] [小寒 1997-01-05 15:24:28]
[2022-06-15 13:54:12,407][1.py 48][INFO]: 阴历时间为：1996-11-22 00:01:00 年柱:丙子 月柱:庚子 日柱:癸卯 时柱:壬子
[2022-06-15 13:54:12,407][1.py 49][INFO]: 阳历时间为：1997-01-01 00:01:00
[2022-06-15 13:54:12,408][1.py 51][INFO]: [冬至 1996-12-21 22:05:53] [小寒 1997-01-05 15:24:28]
[2022-06-26 17:42:47,506][1.py 115][INFO]: 阴历时间为：1994-12-01 01:01:00 年柱:甲戌 月柱:丙子 日柱:壬辰 时柱:辛丑
[2022-06-26 17:42:47,507][1.py 116][INFO]: 阳历时间为：1995-01-01 01:01:00
[2022-06-26 17:42:47,508][1.py 118][INFO]: [冬至 1994-12-22 10:22:43] [小寒 1995-01-06 03:34:05]
[2022-06-26 17:42:53,217][1.py 115][INFO]: 阴历时间为：1995-11-11 01:01:00 年柱:乙亥 月柱:戊子 日柱:丁酉 时柱:辛丑
[2022-06-26 17:42:53,217][1.py 116][INFO]: 阳历时间为：1996-01-01 01:01:00
[2022-06-26 17:42:53,218][1.py 118][INFO]: [冬至 1995-12-22 16:16:47] [小寒 1996-01-06 09:31:27]
[2022-06-26 17:42:58,521][1.py 115][INFO]: 阴历时间为：1995-11-12 01:01:00 年柱:乙亥 月柱:戊子 日柱:戊戌 时柱:癸丑
[2022-06-26 17:42:58,521][1.py 116][INFO]: 阳历时间为：1996-01-02 01:01:00
[2022-06-26 17:42:58,522][1.py 118][INFO]: [冬至 1995-12-22 16:16:47] [小寒 1996-01-06 09:31:27]
[2022-07-03 16:05:27,875][calculate_core.py 19][DEBUG]: 阴历时间：二〇二〇年三月十二 3
[2022-07-03 16:05:27,877][calculate_core.py 102][INFO]: 阴历时间为：2020-03-12 02:50:20 年柱:庚子 月柱:己卯 日柱:丁丑 时柱:辛丑
[2022-07-03 16:05:27,877][calculate_core.py 103][INFO]: 阳历时间为：2020-04-04 02:50:20
[2022-07-03 16:05:27,878][calculate_core.py 105][INFO]: [春分 2020-03-20 11:49:29] [清明 2020-04-04 15:38:02]
[2022-07-03 16:06:45,109][calculate_core.py 19][DEBUG]: 阴历时间：二〇二〇年四月十二 4
[2022-07-03 16:06:45,110][calculate_core.py 102][INFO]: 阴历时间为：2020-04-12 02:50:20 年柱:庚子 月柱:庚辰 日柱:丁未 时柱:辛丑
[2022-07-03 16:06:45,111][calculate_core.py 103][INFO]: 阳历时间为：2020-05-04 02:50:20
[2022-07-03 16:06:45,111][calculate_core.py 105][INFO]: [谷雨 2020-04-19 22:45:21] [立夏 2020-05-05 08:51:16]
[2022-07-03 16:07:00,025][calculate_core.py 19][DEBUG]: 阴历时间：二〇二〇年三月十二 3
[2022-07-03 16:07:00,026][calculate_core.py 102][INFO]: 阴历时间为：2020-03-12 02:50:20 年柱:庚子 月柱:己卯 日柱:丁丑 时柱:辛丑
[2022-07-03 16:07:00,026][calculate_core.py 103][INFO]: 阳历时间为：2020-04-04 02:50:20
[2022-07-03 16:07:00,027][calculate_core.py 105][INFO]: [春分 2020-03-20 11:49:29] [清明 2020-04-04 15:38:02]
[2022-07-03 16:08:00,428][calculate_core.py 19][DEBUG]: 阴历时间：二〇二〇年四月十二 4
[2022-07-03 16:08:00,429][calculate_core.py 102][INFO]: 阴历时间为：2020-04-12 02:50:20 年柱:庚子 月柱:庚辰 日柱:丁未 时柱:辛丑
[2022-07-03 16:08:00,429][calculate_core.py 103][INFO]: 阳历时间为：2020-05-04 02:50:20
[2022-07-03 16:08:00,430][calculate_core.py 105][INFO]: [谷雨 2020-04-19 22:45:21] [立夏 2020-05-05 08:51:16]
[2022-07-03 16:08:05,544][calculate_core.py 19][DEBUG]: 阴历时间：二〇二〇年闰四月十三 -4
[2022-07-03 16:08:05,546][calculate_core.py 102][INFO]: 阴历时间为：2020-04-13 02:50:20 年柱:庚子 月柱:庚辰 日柱:戊申 时柱:癸丑
[2022-07-03 16:08:05,546][calculate_core.py 103][INFO]: 阳历时间为：2020-05-05 02:50:20
[2022-07-03 16:08:05,546][calculate_core.py 105][INFO]: [谷雨 2020-04-19 22:45:21] [立夏 2020-05-05 08:51:16]
[2022-07-03 16:13:17,088][calculate_core.py 19][DEBUG]: 阴历时间：二〇二〇年闰四月十三 -4
[2022-07-03 16:14:15,329][calculate_core.py 20][DEBUG]: 阴历时间：二〇二〇年闰四月十三 -4
[2022-07-03 16:14:15,329][calculate_core.py 22][DEBUG]: 是否闰月：2020年闰四月(29天)
[2022-07-03 16:14:15,330][calculate_core.py 104][INFO]: 阴历时间为：2020-04-13 02:50:20 年柱:庚子 月柱:庚辰 日柱:戊申 时柱:癸丑
[2022-07-03 16:14:15,330][calculate_core.py 105][INFO]: 阳历时间为：2020-05-05 02:50:20
[2022-07-03 16:14:15,331][calculate_core.py 107][INFO]: [谷雨 2020-04-19 22:45:21] [立夏 2020-05-05 08:51:16]
[2022-07-03 16:14:44,935][calculate_core.py 20][DEBUG]: 阴历时间：二〇二〇年四月十二 4
[2022-07-03 16:14:44,936][calculate_core.py 22][DEBUG]: 是否闰月：2020年四月(30天)
[2022-07-03 16:14:44,937][calculate_core.py 104][INFO]: 阴历时间为：2020-04-12 02:50:20 年柱:庚子 月柱:庚辰 日柱:丁未 时柱:辛丑
[2022-07-03 16:14:44,937][calculate_core.py 105][INFO]: 阳历时间为：2020-05-04 02:50:20
[2022-07-03 16:14:44,938][calculate_core.py 107][INFO]: [谷雨 2020-04-19 22:45:21] [立夏 2020-05-05 08:51:16]
[2022-07-03 16:16:45,552][calculate_core.py 20][DEBUG]: 阴历时间：二〇二〇年四月十二 4
[2022-07-03 16:16:45,552][calculate_core.py 22][DEBUG]: 是否闰月：0
[2022-07-03 16:16:45,553][calculate_core.py 104][INFO]: 阴历时间为：2020-04-12 02:50:20 年柱:庚子 月柱:庚辰 日柱:丁未 时柱:辛丑
[2022-07-03 16:16:45,553][calculate_core.py 105][INFO]: 阳历时间为：2020-05-04 02:50:20
[2022-07-03 16:16:45,554][calculate_core.py 107][INFO]: [谷雨 2020-04-19 22:45:21] [立夏 2020-05-05 08:51:16]
[2022-07-03 16:16:50,877][calculate_core.py 20][DEBUG]: 阴历时间：二〇二〇年闰四月十三 -4
[2022-07-03 16:16:50,878][calculate_core.py 22][DEBUG]: 是否闰月：1
[2022-07-03 16:16:50,879][calculate_core.py 104][INFO]: 阴历时间为：2020-04-13 02:50:20 年柱:庚子 月柱:庚辰 日柱:戊申 时柱:癸丑
[2022-07-03 16:16:50,879][calculate_core.py 105][INFO]: 阳历时间为：2020-05-05 02:50:20
[2022-07-03 16:16:50,879][calculate_core.py 107][INFO]: [谷雨 2020-04-19 22:45:21] [立夏 2020-05-05 08:51:16]
[2022-07-03 16:17:11,329][calculate_core.py 20][DEBUG]: 阴历时间：二〇二〇年闰四月十三 -4
[2022-07-03 16:17:11,329][calculate_core.py 22][DEBUG]: 是否闰月：1
[2022-07-03 16:17:23,947][calculate_core.py 20][DEBUG]: 阴历时间：二〇二〇年闰四月十三 -4
[2022-07-03 16:17:23,947][calculate_core.py 22][DEBUG]: 是否闰月：1
[2022-07-03 16:17:33,056][calculate_core.py 20][DEBUG]: 阴历时间：二〇二〇年闰四月十三 -4
[2022-07-03 16:17:33,056][calculate_core.py 22][DEBUG]: 是否闰月：1
[2022-07-03 16:17:33,057][calculate_core.py 104][INFO]: 阴历时间为：2020-04-13 02:50:20 年柱:庚子 月柱:庚辰 日柱:戊申 时柱:癸丑
[2022-07-03 16:17:33,057][calculate_core.py 105][INFO]: 阳历时间为：2020-05-05 02:50:20
[2022-07-03 16:17:33,058][calculate_core.py 107][INFO]: [谷雨 2020-04-19 22:45:21] [立夏 2020-05-05 08:51:16]
[2022-07-03 16:18:48,107][calculate_core.py 20][DEBUG]: 阴历时间：二〇二〇年闰四月十三 -4
[2022-07-03 16:18:48,107][calculate_core.py 22][DEBUG]: 是否闰月：1
[2022-07-03 16:18:48,109][calculate_core.py 104][INFO]: 阴历时间为：2020-04-13 02:50:20 年柱:庚子 月柱:庚辰 日柱:戊申 时柱:癸丑
[2022-07-03 16:18:48,109][calculate_core.py 105][INFO]: 阳历时间为：2020-05-05 02:50:20
[2022-07-03 16:18:48,109][calculate_core.py 107][INFO]: [谷雨 2020-04-19 22:45:21] [立夏 2020-05-05 08:51:16]
[2022-07-03 19:08:42,771][calculate_core.py 20][DEBUG]: 阴历时间：二〇一九年腊月初七 12
[2022-07-03 19:08:42,772][calculate_core.py 22][DEBUG]: 是否闰月：0
[2022-07-03 19:08:44,828][calculate_core.py 20][DEBUG]: 阴历时间：二〇二〇年闰四月初十 -4
[2022-07-03 19:08:44,828][calculate_core.py 22][DEBUG]: 是否闰月：1
[2022-07-03 19:09:35,565][calculate_core.py 20][DEBUG]: 阴历时间：二〇一九年腊月初七 12
[2022-07-03 19:09:35,565][calculate_core.py 22][DEBUG]: 是否闰月：0
[2022-07-03 19:09:37,769][calculate_core.py 20][DEBUG]: 阴历时间：二〇二〇年闰四月初十 -4
[2022-07-03 19:09:37,769][calculate_core.py 22][DEBUG]: 是否闰月：1
[2022-07-03 19:09:45,188][calculate_core.py 20][DEBUG]: 阴历时间：二〇二〇年闰四月十一 -4
[2022-07-03 19:09:45,188][calculate_core.py 22][DEBUG]: 是否闰月：1
[2022-07-03 19:12:34,701][calculate_core.py 20][DEBUG]: 阴历时间：二〇一九年腊月初七 12
[2022-07-03 19:12:34,702][calculate_core.py 22][DEBUG]: 是否闰月：0
[2022-07-03 19:12:36,256][calculate_core.py 20][DEBUG]: 阴历时间：二〇二〇年闰四月初十 -4
[2022-07-03 19:12:36,256][calculate_core.py 22][DEBUG]: 是否闰月：1
[2022-07-03 19:15:42,114][calculate_core.py 20][DEBUG]: 阴历时间：二〇一九年腊月初七 12
[2022-07-03 19:15:42,114][calculate_core.py 22][DEBUG]: 是否闰月：0
[2022-07-03 19:15:43,609][calculate_core.py 20][DEBUG]: 阴历时间：二〇二〇年闰四月初十 -4
[2022-07-03 19:15:43,609][calculate_core.py 22][DEBUG]: 是否闰月：1
[2022-07-03 19:15:48,683][calculate_core.py 20][DEBUG]: 阴历时间：二〇二〇年五月十一 5
[2022-07-03 19:15:48,683][calculate_core.py 22][DEBUG]: 是否闰月：0
[2022-07-03 19:15:50,409][calculate_core.py 20][DEBUG]: 阴历时间：二〇二〇年七月十四 7
[2022-07-03 19:15:50,409][calculate_core.py 22][DEBUG]: 是否闰月：0
[2022-07-03 19:16:13,147][calculate_core.py 20][DEBUG]: 阴历时间：二〇一九年腊月初七 12
[2022-07-03 19:16:13,147][calculate_core.py 22][DEBUG]: 是否闰月：0
[2022-07-03 19:16:15,727][calculate_core.py 20][DEBUG]: 阴历时间：二〇二〇年闰四月初十 -4
[2022-07-03 19:16:15,727][calculate_core.py 22][DEBUG]: 是否闰月：1
[2022-07-03 19:16:17,363][calculate_core.py 20][DEBUG]: 阴历时间：二〇二〇年五月十一 5
[2022-07-03 19:16:17,363][calculate_core.py 22][DEBUG]: 是否闰月：0
[2022-07-03 19:16:18,747][calculate_core.py 20][DEBUG]: 阴历时间：二〇二〇年闰四月初十 -4
[2022-07-03 19:16:18,747][calculate_core.py 22][DEBUG]: 是否闰月：1
[2022-07-03 19:16:20,096][calculate_core.py 20][DEBUG]: 阴历时间：二〇二〇年闰四月十一 -4
[2022-07-03 19:16:20,096][calculate_core.py 22][DEBUG]: 是否闰月：1
[2022-07-03 19:16:22,366][calculate_core.py 20][DEBUG]: 阴历时间：二〇二〇年四月初十 4
[2022-07-03 19:16:22,366][calculate_core.py 22][DEBUG]: 是否闰月：0
[2022-07-03 19:16:23,756][calculate_core.py 20][DEBUG]: 阴历时间：二〇二〇年闰四月十一 -4
[2022-07-03 19:16:23,756][calculate_core.py 22][DEBUG]: 是否闰月：1
[2022-07-03 19:16:24,906][calculate_core.py 20][DEBUG]: 阴历时间：二〇二〇年六月十三 6
[2022-07-03 19:16:24,907][calculate_core.py 22][DEBUG]: 是否闰月：0
[2022-07-03 19:16:26,096][calculate_core.py 20][DEBUG]: 阴历时间：二〇二三年六月十六 6
[2022-07-03 19:16:26,096][calculate_core.py 22][DEBUG]: 是否闰月：0
[2022-07-03 19:16:27,140][calculate_core.py 20][DEBUG]: 阴历时间：二〇二三年七月十八 7
[2022-07-03 19:16:27,140][calculate_core.py 22][DEBUG]: 是否闰月：0
[2022-07-03 19:16:28,644][calculate_core.py 20][DEBUG]: 阴历时间：二〇二三年四月十五 4
[2022-07-03 19:16:28,644][calculate_core.py 22][DEBUG]: 是否闰月：0
[2022-07-03 19:16:29,751][calculate_core.py 20][DEBUG]: 阴历时间：二〇二三年二月十一 2
[2022-07-03 19:16:29,751][calculate_core.py 22][DEBUG]: 是否闰月：0
[2022-07-03 19:16:31,069][calculate_core.py 20][DEBUG]: 阴历时间：二〇二〇年二月初九 2
[2022-07-03 19:16:31,069][calculate_core.py 22][DEBUG]: 是否闰月：0
[2022-07-03 19:16:32,566][calculate_core.py 20][DEBUG]: 阴历时间：二〇二〇年闰四月十一 -4
[2022-07-03 19:16:32,566][calculate_core.py 22][DEBUG]: 是否闰月：1
[2022-07-03 20:25:55,478][calculate_core.py 20][DEBUG]: 阴历时间：二〇二〇年二月十六 2
[2022-07-03 20:25:55,478][calculate_core.py 22][DEBUG]: 是否闰月：0
[2022-07-03 20:25:57,577][calculate_core.py 20][DEBUG]: 阴历时间：二〇二〇年闰四月十八 -4
[2022-07-03 20:25:57,577][calculate_core.py 22][DEBUG]: 是否闰月：1
[2022-07-03 20:28:22,147][calculate_core.py 20][DEBUG]: 阴历时间：二〇二〇年五月初三 5
[2022-07-03 20:28:22,147][calculate_core.py 22][DEBUG]: 是否闰月：0
[2022-07-03 20:28:24,946][calculate_core.py 20][DEBUG]: 阴历时间：二〇二〇年闰四月初一 -4
[2022-07-03 20:28:24,946][calculate_core.py 22][DEBUG]: 是否闰月：1
[2022-07-03 20:28:26,817][calculate_core.py 20][DEBUG]: 阴历时间：二〇二〇年四月初一 4
[2022-07-03 20:28:26,817][calculate_core.py 22][DEBUG]: 是否闰月：0
[2022-07-03 20:28:33,754][calculate_core.py 20][DEBUG]: 阴历时间：二〇二〇年闰四月初一 -4
[2022-07-03 20:28:33,754][calculate_core.py 22][DEBUG]: 是否闰月：1
[2022-07-03 20:28:38,721][calculate_core.py 20][DEBUG]: 阴历时间：二〇二〇年五月初三 5
[2022-07-03 20:28:38,722][calculate_core.py 22][DEBUG]: 是否闰月：0
[2022-07-03 20:28:48,492][calculate_core.py 20][DEBUG]: 阴历时间：二〇二〇年闰四月初一 -4
[2022-07-03 20:28:48,492][calculate_core.py 22][DEBUG]: 是否闰月：1
[2022-07-03 20:29:15,654][calculate_core.py 20][DEBUG]: 阴历时间：二〇一九年腊月初七 12
[2022-07-03 20:29:15,654][calculate_core.py 22][DEBUG]: 是否闰月：0
[2022-07-03 20:29:17,174][calculate_core.py 20][DEBUG]: 阴历时间：二〇二〇年闰四月初十 -4
[2022-07-03 20:29:17,174][calculate_core.py 22][DEBUG]: 是否闰月：1
[2022-07-03 20:29:19,397][calculate_core.py 20][DEBUG]: 阴历时间：二〇二〇年五月十一 5
[2022-07-03 20:29:19,397][calculate_core.py 22][DEBUG]: 是否闰月：0
[2022-07-03 20:29:21,266][calculate_core.py 20][DEBUG]: 阴历时间：二〇二〇年闰四月初十 -4
[2022-07-03 20:29:21,266][calculate_core.py 22][DEBUG]: 是否闰月：1
[2022-07-03 20:29:50,034][calculate_core.py 20][DEBUG]: 阴历时间：二〇二〇年五月十一 5
[2022-07-03 20:29:50,034][calculate_core.py 22][DEBUG]: 是否闰月：0
[2022-07-03 20:29:52,754][calculate_core.py 20][DEBUG]: 阴历时间：二〇二〇年闰四月初十 -4
[2022-07-03 20:29:52,754][calculate_core.py 22][DEBUG]: 是否闰月：1
[2022-07-03 20:29:54,181][calculate_core.py 20][DEBUG]: 阴历时间：二〇二〇年三月初九 3
[2022-07-03 20:29:54,182][calculate_core.py 22][DEBUG]: 是否闰月：0
[2022-07-03 20:29:55,829][calculate_core.py 20][DEBUG]: 阴历时间：二〇二〇年四月初九 4
[2022-07-03 20:29:55,830][calculate_core.py 22][DEBUG]: 是否闰月：0
[2022-07-03 20:29:57,753][calculate_core.py 20][DEBUG]: 阴历时间：二〇二〇年闰四月初十 -4
[2022-07-03 20:29:57,753][calculate_core.py 22][DEBUG]: 是否闰月：1
[2022-07-03 20:30:00,356][calculate_core.py 20][DEBUG]: 阴历时间：二〇二〇年五月十一 5
[2022-07-03 20:30:00,356][calculate_core.py 22][DEBUG]: 是否闰月：0
[2022-07-03 20:30:02,961][calculate_core.py 20][DEBUG]: 阴历时间：二〇二〇年六月十二 6
[2022-07-03 20:30:02,961][calculate_core.py 22][DEBUG]: 是否闰月：0
[2022-07-03 20:30:09,349][calculate_core.py 20][DEBUG]: 阴历时间：二〇二〇年七月十四 7
[2022-07-03 20:30:09,349][calculate_core.py 22][DEBUG]: 是否闰月：0
[2022-07-03 20:30:15,223][calculate_core.py 20][DEBUG]: 阴历时间：二〇二〇年闰四月十二 -4
[2022-07-03 20:30:15,223][calculate_core.py 22][DEBUG]: 是否闰月：1
[2022-07-03 20:30:17,588][calculate_core.py 20][DEBUG]: 阴历时间：二〇二〇年四月十一 4
[2022-07-03 20:30:17,588][calculate_core.py 22][DEBUG]: 是否闰月：0
[2022-07-03 20:30:19,565][calculate_core.py 20][DEBUG]: 阴历时间：二〇二〇年三月十一 3
[2022-07-03 20:30:19,565][calculate_core.py 22][DEBUG]: 是否闰月：0
[2022-07-03 20:30:21,897][calculate_core.py 20][DEBUG]: 阴历时间：二〇二〇年二月初十 2
[2022-07-03 20:30:21,898][calculate_core.py 22][DEBUG]: 是否闰月：0
[2022-07-03 20:30:24,123][calculate_core.py 20][DEBUG]: 阴历时间：二〇二〇年正月初十 1
[2022-07-03 20:30:24,123][calculate_core.py 22][DEBUG]: 是否闰月：0
[2022-07-03 20:30:26,423][calculate_core.py 20][DEBUG]: 阴历时间：二〇二〇年二月初十 2
[2022-07-03 20:30:26,424][calculate_core.py 22][DEBUG]: 是否闰月：0
[2022-07-03 20:30:27,544][calculate_core.py 20][DEBUG]: 阴历时间：二〇二〇年三月十一 3
[2022-07-03 20:30:27,544][calculate_core.py 22][DEBUG]: 是否闰月：0
[2022-07-03 20:30:30,038][calculate_core.py 20][DEBUG]: 阴历时间：二〇二〇年四月十一 4
[2022-07-03 20:30:30,038][calculate_core.py 22][DEBUG]: 是否闰月：0
[2022-07-03 20:31:08,323][calculate_core.py 20][DEBUG]: 阴历时间：二〇一九年腊月初七 12
[2022-07-03 20:31:08,323][calculate_core.py 22][DEBUG]: 是否闰月：0
[2022-07-03 20:31:10,242][calculate_core.py 20][DEBUG]: 阴历时间：二〇二〇年闰四月初十 -4
[2022-07-03 20:31:10,242][calculate_core.py 22][DEBUG]: 是否闰月：1
[2022-07-03 20:31:12,639][calculate_core.py 20][DEBUG]: 阴历时间：二〇二〇年四月初九 4
[2022-07-03 20:31:12,639][calculate_core.py 22][DEBUG]: 是否闰月：0
[2022-07-03 20:31:14,168][calculate_core.py 20][DEBUG]: 阴历时间：二〇二〇年二月初八 2
[2022-07-03 20:31:14,168][calculate_core.py 22][DEBUG]: 是否闰月：0
[2022-07-03 20:31:27,530][calculate_core.py 20][DEBUG]: 阴历时间：二〇二〇年三月初九 3
[2022-07-03 20:31:27,530][calculate_core.py 22][DEBUG]: 是否闰月：0
[2022-07-03 20:31:56,830][calculate_core.py 20][DEBUG]: 阴历时间：一九九七年二月廿四 2
[2022-07-03 20:31:56,830][calculate_core.py 22][DEBUG]: 是否闰月：0
[2022-07-03 20:31:58,512][calculate_core.py 20][DEBUG]: 阴历时间：一九九七年三月廿五 3
[2022-07-03 20:31:58,512][calculate_core.py 22][DEBUG]: 是否闰月：0
[2022-07-03 20:31:59,686][calculate_core.py 20][DEBUG]: 阴历时间：一九九七年五月廿七 5
[2022-07-03 20:31:59,686][calculate_core.py 22][DEBUG]: 是否闰月：0
[2022-07-03 20:32:00,802][calculate_core.py 20][DEBUG]: 阴历时间：一九九七年六月廿八 6
[2022-07-03 20:32:00,802][calculate_core.py 22][DEBUG]: 是否闰月：0
[2022-07-03 20:32:02,136][calculate_core.py 20][DEBUG]: 阴历时间：一九九七年五月廿七 5
[2022-07-03 20:32:02,136][calculate_core.py 22][DEBUG]: 是否闰月：0
[2022-07-03 20:32:03,248][calculate_core.py 20][DEBUG]: 阴历时间：一九九七年四月廿六 4
[2022-07-03 20:32:03,248][calculate_core.py 22][DEBUG]: 是否闰月：0
[2022-07-03 20:32:06,206][calculate_core.py 20][DEBUG]: 阴历时间：一九九七年四月廿七 4
[2022-07-03 20:32:06,206][calculate_core.py 22][DEBUG]: 是否闰月：0
[2022-07-03 20:32:09,632][calculate_core.py 20][DEBUG]: 阴历时间：一九九七年四月廿六 4
[2022-07-03 20:32:09,632][calculate_core.py 22][DEBUG]: 是否闰月：0
[2022-07-03 20:32:30,842][calculate_core.py 20][DEBUG]: 阴历时间：一九九七年四月廿六 4
[2022-07-03 20:32:30,842][calculate_core.py 22][DEBUG]: 是否闰月：0
[2022-07-03 20:32:32,511][calculate_core.py 20][DEBUG]: 阴历时间：二〇二〇年闰四月初十 -4
[2022-07-03 20:32:32,511][calculate_core.py 22][DEBUG]: 是否闰月：1
[2022-07-03 20:32:37,091][calculate_core.py 20][DEBUG]: 阴历时间：二〇二〇年五月十一 5
[2022-07-03 20:32:37,091][calculate_core.py 22][DEBUG]: 是否闰月：0
[2022-07-03 20:32:38,990][calculate_core.py 20][DEBUG]: 阴历时间：二〇二〇年六月十二 6
[2022-07-03 20:32:38,990][calculate_core.py 22][DEBUG]: 是否闰月：0
[2022-07-03 20:32:40,773][calculate_core.py 20][DEBUG]: 阴历时间：二〇二〇年闰四月初十 -4
[2022-07-03 20:32:40,773][calculate_core.py 22][DEBUG]: 是否闰月：1
[2022-07-03 20:32:42,106][calculate_core.py 20][DEBUG]: 阴历时间：二〇二〇年四月初九 4
[2022-07-03 20:32:42,106][calculate_core.py 22][DEBUG]: 是否闰月：0
[2022-07-03 20:32:43,358][calculate_core.py 20][DEBUG]: 阴历时间：二〇二〇年三月初九 3
[2022-07-03 20:32:43,358][calculate_core.py 22][DEBUG]: 是否闰月：0
[2022-07-03 20:32:44,548][calculate_core.py 20][DEBUG]: 阴历时间：二〇二〇年二月初八 2
[2022-07-03 20:32:44,548][calculate_core.py 22][DEBUG]: 是否闰月：0
[2022-07-03 20:32:46,162][calculate_core.py 20][DEBUG]: 阴历时间：二〇二〇年四月初九 4
[2022-07-03 20:32:46,162][calculate_core.py 22][DEBUG]: 是否闰月：0
[2022-07-03 20:32:47,654][calculate_core.py 20][DEBUG]: 阴历时间：二〇二〇年闰四月初十 -4
[2022-07-03 20:32:47,654][calculate_core.py 22][DEBUG]: 是否闰月：1
[2022-07-03 20:32:53,258][calculate_core.py 20][DEBUG]: 阴历时间：二〇二〇年五月初九 5
[2022-07-03 20:32:53,258][calculate_core.py 22][DEBUG]: 是否闰月：0
[2022-07-03 20:32:58,081][calculate_core.py 20][DEBUG]: 阴历时间：二〇二〇年五月初八 5
[2022-07-03 20:32:58,081][calculate_core.py 22][DEBUG]: 是否闰月：0
[2022-07-03 20:33:01,063][calculate_core.py 20][DEBUG]: 阴历时间：二〇二〇年五月初九 5
[2022-07-03 20:33:01,063][calculate_core.py 22][DEBUG]: 是否闰月：0
[2022-07-03 20:33:04,567][calculate_core.py 20][DEBUG]: 阴历时间：二〇二〇年闰四月初七 -4
[2022-07-03 20:33:04,568][calculate_core.py 22][DEBUG]: 是否闰月：1
[2022-07-03 20:33:06,162][calculate_core.py 20][DEBUG]: 阴历时间：二〇二〇年五月初九 5
[2022-07-03 20:33:06,163][calculate_core.py 22][DEBUG]: 是否闰月：0
[2022-07-03 20:33:08,165][calculate_core.py 20][DEBUG]: 阴历时间：二〇二〇年六月初九 6
[2022-07-03 20:33:08,165][calculate_core.py 22][DEBUG]: 是否闰月：0
[2022-07-03 20:33:09,374][calculate_core.py 20][DEBUG]: 阴历时间：二〇二〇年五月初九 5
[2022-07-03 20:33:09,374][calculate_core.py 22][DEBUG]: 是否闰月：0
[2022-07-03 20:33:10,390][calculate_core.py 20][DEBUG]: 阴历时间：二〇二〇年四月初七 4
[2022-07-03 20:33:10,390][calculate_core.py 22][DEBUG]: 是否闰月：0
[2022-07-03 20:33:11,519][calculate_core.py 20][DEBUG]: 阴历时间：二〇二〇年三月初六 3
[2022-07-03 20:33:11,519][calculate_core.py 22][DEBUG]: 是否闰月：0
[2022-07-03 20:33:13,228][calculate_core.py 20][DEBUG]: 阴历时间：二〇二〇年五月初九 5
[2022-07-03 20:33:13,228][calculate_core.py 22][DEBUG]: 是否闰月：0
[2022-07-03 20:33:30,299][calculate_core.py 20][DEBUG]: 阴历时间：二〇二〇年闰四月初七 -4
[2022-07-03 20:33:30,299][calculate_core.py 22][DEBUG]: 是否闰月：1
[2022-07-03 20:33:44,801][calculate_core.py 20][DEBUG]: 阴历时间：二〇二〇年五月初九 5
[2022-07-03 20:33:44,802][calculate_core.py 22][DEBUG]: 是否闰月：0
[2022-07-03 20:33:57,652][calculate_core.py 20][DEBUG]: 阴历时间：二〇二〇年五月初十 5
[2022-07-03 20:33:57,652][calculate_core.py 22][DEBUG]: 是否闰月：0
[2022-07-03 20:34:00,029][calculate_core.py 20][DEBUG]: 阴历时间：二〇二〇年五月初七 5
[2022-07-03 20:34:00,030][calculate_core.py 22][DEBUG]: 是否闰月：0
[2022-07-03 20:35:30,831][calculate_core.py 20][DEBUG]: 阴历时间：一九九四年腊月初一 12
[2022-07-03 20:35:30,831][calculate_core.py 22][DEBUG]: 是否闰月：0
[2022-07-03 20:35:32,689][calculate_core.py 20][DEBUG]: 阴历时间：一九九五年正月初二 1
[2022-07-03 20:35:32,689][calculate_core.py 22][DEBUG]: 是否闰月：0
[2022-07-03 20:35:34,285][calculate_core.py 20][DEBUG]: 阴历时间：二〇二〇年正月初八 1
[2022-07-03 20:35:34,285][calculate_core.py 22][DEBUG]: 是否闰月：0
[2022-07-03 20:35:35,587][calculate_core.py 20][DEBUG]: 阴历时间：二〇二〇年闰四月初十 -4
[2022-07-03 20:35:35,587][calculate_core.py 22][DEBUG]: 是否闰月：1
[2022-07-03 20:35:37,455][calculate_core.py 20][DEBUG]: 阴历时间：二〇二〇年闰四月十二 -4
[2022-07-03 20:35:37,455][calculate_core.py 22][DEBUG]: 是否闰月：1
[2022-07-03 20:35:41,072][calculate_core.py 20][DEBUG]: 阴历时间：二〇二〇年五月初十 5
[2022-07-03 20:35:41,072][calculate_core.py 22][DEBUG]: 是否闰月：0
[2022-07-03 20:36:04,601][calculate_core.py 20][DEBUG]: 阴历时间：二〇二〇年五月初八 5
[2022-07-03 20:36:04,601][calculate_core.py 22][DEBUG]: 是否闰月：0
[2022-07-03 20:36:08,501][calculate_core.py 20][DEBUG]: 阴历时间：二〇二〇年闰四月初六 -4
[2022-07-03 20:36:08,501][calculate_core.py 22][DEBUG]: 是否闰月：1
[2022-07-03 20:36:09,849][calculate_core.py 20][DEBUG]: 阴历时间：二〇二〇年五月初八 5
[2022-07-03 20:36:09,850][calculate_core.py 22][DEBUG]: 是否闰月：0
[2022-07-03 20:36:19,229][calculate_core.py 20][DEBUG]: 阴历时间：二〇二〇年五月初十 5
[2022-07-03 20:36:19,230][calculate_core.py 22][DEBUG]: 是否闰月：0
[2022-07-03 20:38:14,713][calculate_core.py 20][DEBUG]: 阴历时间：二〇一九年腊月初七 12
[2022-07-03 20:38:14,713][calculate_core.py 22][DEBUG]: 是否闰月：0
[2022-07-03 20:38:16,225][calculate_core.py 20][DEBUG]: 阴历时间：二〇二〇年闰四月初十 -4
[2022-07-03 20:38:16,226][calculate_core.py 22][DEBUG]: 是否闰月：1
[2022-07-03 20:38:21,316][calculate_core.py 20][DEBUG]: 阴历时间：二〇二〇年五月初十 5
[2022-07-03 20:38:21,316][calculate_core.py 22][DEBUG]: 是否闰月：0
[2022-07-03 20:42:49,694][calculate_core.py 20][DEBUG]: 阴历时间：一九九七年五月初三 5
[2022-07-03 20:42:49,694][calculate_core.py 22][DEBUG]: 是否闰月：0
[2022-07-03 20:43:14,662][calculate_core.py 20][DEBUG]: 阴历时间：一九九七年四月廿六 4
[2022-07-03 20:43:14,662][calculate_core.py 22][DEBUG]: 是否闰月：0
[2022-07-03 20:43:21,799][calculate_core.py 20][DEBUG]: 阴历时间：一九九七年五月十五 5
[2022-07-03 20:43:21,800][calculate_core.py 22][DEBUG]: 是否闰月：0
[2022-07-03 20:43:29,214][calculate_core.py 20][DEBUG]: 阴历时间：二〇二〇年闰四月廿八 -4
[2022-07-03 20:43:29,214][calculate_core.py 22][DEBUG]: 是否闰月：1
[2022-07-03 20:44:06,859][calculate_core.py 20][DEBUG]: 阴历时间：一九九七年正月廿三 1
[2022-07-03 20:44:06,859][calculate_core.py 22][DEBUG]: 是否闰月：0
[2022-07-03 20:44:08,224][calculate_core.py 20][DEBUG]: 阴历时间：一九九七年三月廿五 3
[2022-07-03 20:44:08,224][calculate_core.py 22][DEBUG]: 是否闰月：0
[2022-07-03 20:44:09,763][calculate_core.py 20][DEBUG]: 阴历时间：一九九七年五月廿七 5
[2022-07-03 20:44:09,763][calculate_core.py 22][DEBUG]: 是否闰月：0
[2022-07-03 20:44:11,102][calculate_core.py 20][DEBUG]: 阴历时间：一九九七年七月三十 7
[2022-07-03 20:44:11,102][calculate_core.py 22][DEBUG]: 是否闰月：0
[2022-07-03 20:44:12,541][calculate_core.py 20][DEBUG]: 阴历时间：一九九七年十月初二 10
[2022-07-03 20:44:12,541][calculate_core.py 22][DEBUG]: 是否闰月：0
[2022-07-03 20:44:50,353][calculate_core.py 20][DEBUG]: 阴历时间：一九九六年腊月廿四 12
[2022-07-03 20:44:50,353][calculate_core.py 22][DEBUG]: 是否闰月：0
[2022-07-03 20:45:27,711][calculate_core.py 20][DEBUG]: 阴历时间：一九九七年四月廿六 4
[2022-07-03 20:45:27,711][calculate_core.py 22][DEBUG]: 是否闰月：0
[2022-07-03 20:45:32,569][calculate_core.py 20][DEBUG]: 阴历时间：一九九七年四月廿六 4
[2022-07-03 20:45:32,569][calculate_core.py 22][DEBUG]: 是否闰月：0
[2022-07-03 20:45:36,827][calculate_core.py 20][DEBUG]: 阴历时间：二〇二〇年闰四月初十 -4
[2022-07-03 20:45:36,827][calculate_core.py 22][DEBUG]: 是否闰月：1
[2022-07-03 20:45:40,390][calculate_core.py 20][DEBUG]: 阴历时间：二〇二三年四月十四 4
[2022-07-03 20:45:40,390][calculate_core.py 22][DEBUG]: 是否闰月：0
[2022-07-03 20:45:41,561][calculate_core.py 20][DEBUG]: 阴历时间：二〇二〇年闰四月初十 -4
[2022-07-03 20:45:41,561][calculate_core.py 22][DEBUG]: 是否闰月：1
[2022-07-03 20:45:47,271][calculate_core.py 20][DEBUG]: 阴历时间：二〇二〇年闰四月十二 -4
[2022-07-03 20:45:47,271][calculate_core.py 22][DEBUG]: 是否闰月：1
[2022-07-03 20:45:48,499][calculate_core.py 20][DEBUG]: 阴历时间：二〇二〇年闰四月十四 -4
[2022-07-03 20:45:48,499][calculate_core.py 22][DEBUG]: 是否闰月：1
[2022-07-03 20:45:50,573][calculate_core.py 20][DEBUG]: 阴历时间：二〇二〇年闰四月十八 -4
[2022-07-03 20:45:50,573][calculate_core.py 22][DEBUG]: 是否闰月：1
[2022-07-03 20:45:58,227][calculate_core.py 20][DEBUG]: 阴历时间：二〇二〇年五月初十 5
[2022-07-03 20:45:58,228][calculate_core.py 22][DEBUG]: 是否闰月：0
[2022-07-03 20:47:46,826][calculate_core.py 20][DEBUG]: 阴历时间：二〇二〇年七月十二 7
[2022-07-03 20:47:46,826][calculate_core.py 22][DEBUG]: 是否闰月：0
[2022-07-03 20:47:49,235][calculate_core.py 20][DEBUG]: 阴历时间：二〇二〇年九月十四 9
[2022-07-03 20:47:49,236][calculate_core.py 22][DEBUG]: 是否闰月：0
